[  0.0000 Iitializing cgrou ssy cpuse
  0.00000]nitializngcgoup ubyscpu
  0.00000]Intiizingcgousubsys cpac
    0.000] Linuxersion 4.4.0-109-generic (buildd@lgw0amd6403 (cc verio5..0 216609 Ubunt 5.4.0-6ubuntu1~16.04.5) ) #132-Ubuntu SMP Tue Jan 9 19:52:39 UTC 01(Ubunu 4.-10.1-generic 4.4.98)
[    0.000000] Command line: BOOT_IMAGE=/boot/vmlinuz-4.4.0-109-generic root=LABEL=cloudimg-roofs ro console=tt1 nsle=ttyS0
   00000] RNL suord cps:[    0.000000]   Intel GenuineIntel
[    0.000000]   AMD AuthenticAMD
[    0.000000]   Centaur CentaurHauls
[    0.000000] x86/fpu: xstate_offset[2]:  576, xstate_sizes[2]:  256
[    0.000000] x86/fpu: Supporting XSAVE feature 0x01: 'x87 floating point registers'
[    0.000000] x86/fpu: Supporting XSAVE feature 0x02: 'SSE registers'[  0.00000] 86/fpu: Supporting XSAVE feature 0x04 'AVX reiser'
[    0.0000] 86/fp Ebledxstefeatures x7cotext sizeis32 bys,sing stdad' forat
[    0.000000] x86/fpu: Using 'lazy' FPU context switches.
[    0.000000] e820: BIOS-provided physicl RA m:
[  000000] BOS82: [m 0x0000000000000000-0x000000000009fbff] usable
[    0.000000] BIOS-e820: [mem 0x000000000009fc00-0x000000000009ffff] reserved
[    0.000000] BIOS-e820: [mem 0x00000000000f000-x0000000000fff] rerd
[   .0000] BIOS-e820: [mem 0x0000000000100000-0x000003fefff] abe
[   .0000] IO-e20: [mem x0000003ff00-0000000003fffffff] ACPI data   0.00] BIOe8: [mem 0x00000000fec00000-0x00000000fec00fff] reserved
[    0.000000] BIOS-e820: [me 0000000fee00-0x00000000fee00fff] reserd
   0.000000] BIOS-e820: [mem 0x00000000fffc0000-0x00000000ffffffff] reserved
[    0.000000] NX (Execute Disable) protection: active
[    0.000000] SMBIOS 2.5 present.
[    0.000000] Hersor decd: KVM
[    .000] e0:last_pfn = 0x3fff0 max_arch_pfn = 0x400000000
[    0.000000] MTRR: Disabled
[    0.000000] x86/PAT: MTRRs disabled, skipping PAT initialization too.
[   0.0000]CP MTRRs all blank - virtualzesystem.
[    0.000000] x86/PAT: Configuration [0-7]: WB  WT  UC- UC  WB  WT  UC- UC  
[    0.000000] found SMP MP-table at [mem 0x0009fff0-0x0009ffff] mapped at [ffff88000009fff0]
[    0.000000] Scanning 1 areas for low memory corruption
[    0.000000] RAMDISK: [mem 0x36dc0-x375ff]
[   00000] AI:arly blcheckumerficatin dsaled
[    0.000000] ACPI: RSDP 0x00000000000E00 0024 (v2 OX  )
  0.00000 ACPIXSDT x00000FF03 00003C (v01 VBOX   VBOXXSDT 00000001 ASL  00000061)
[    0.000000] ACPI: FACP 0x000000003FFF00F0 0000F4 (v04 VBOX   VBOXFACP 00000001 ASL  00000061)
[    0.000000] ACPI: DSDT 0x000000003FFF0470 0021FF (v02 VBOX   VBOXBIOS 00000002 INTL 20100528)
[    0.000000] ACPI: FACS 0x000000003FFF0200 000040
[    0.000000] ACPI: FACS 0x000000003FFF0200 000040
[    0.000000] ACPI: APIC 0x000000003FFF0240 00005C (v02 VBOX   VBOXAPIC 00000001 ASL  00000061)
[    0.000000] ACPI: SSDT 0x000000003FFF02A0 0001CC (v01 VBOX   VBOXCPUT 00000002 INTL 20100528)
[    0.000000] No NUMA configuration found
[   .0000] Faina no a [em 000000000000x000003feff][    0000] NE_TA(0) aloted [mem 0x3ffeb000-0x3ffeffff]
[    0.000000] kvm-clock: Using msrs 4b564d01 and 4b564d00
[    0.000000] kvm-clock: cpu 0, msr 0:3ffe3001, primary cpu clock
[    0.000000] kvm-clock: using sched offst  384821176cyes
[  000000] cocksource: vmclock: mask: 0ffffffffffff mx_cycls: 01c2edffb m_ile_ns 85959143 
[    .000] Zonraes:[  0.0000] DMA   [em 0x0000000000-0x0000000000ffffff]
[    0.000000]   DMA32    [mem 0x0000000001000000-0x000000003ffeffff]
[    0.0000]  Nma  emy
[  0.0000]  vie   pt
[   .000000] Movable znestart for each node
[   0.000000] Early memory node rngs[    0.0000  node   0[m 0x0000000010-000000000009efff]
[    0.000000]   node   0: [mem 0x0000000000100000-0x000000003ffeffff]
[    0.000000] Initm sup node 0 [mem 0x000000000000100-00000003ffeffff]
[    0.000000] ACPI: PM-Timer IO Port: 0x4008
[    0.000000] IOAPIC[0]: apic_id 2, version 32, address 0xfec00000, GSI 0-23
[    0.000000] ACPI: INT_SRC_OVR (bus 0 bus_irq 0 global_irq 2 dfl dfl)
[    0.000000] ACPI: INT_SRC_OVR (bus 0 bus_irq 9 global_irq 9 low level)
[    0.0000 Using ACPI (MADT) for SMP configuration information
[    0.000000] smpboot: Allowing 2 CPUs, 0 hotplug CPUs
[    0.000000] PM: Registered nosave memory: emx00000000-0x00000fff]
[    0.000000] PM: Registered nosave memory: [mem 0x0009f000-0x0009ffff]
[    0.000000] PM: Registered nosae moy: [mem 0x000a0000-0x000effff]
[    0.000000] PM: Registered nosave memory: [mem 0x000f0000-0x000fffff]
[    0.000000] e820: [mem 0x40000000-0xfebfffff] available for PCI devices
[    0.0000 Boting paravirtualized kernel on KVM
[    0.000000] clocksource: refined-jiffies: mask: 0xffffffff max_cycles: 0xffffffff, max_idle_ns: 7645519600211568 ns
[    0.000000] setup_percpu:R_US:52 _cumak_ts512 nr_cpu_ids:2 nr_nodeid1
[  .0000]ERPU: mbde 34 paespu@ffff88003fc0000 s99544 r812 d3128u14876
[    0.000000] PV qspinlock hash table entries: 256 (order: 0, 4096 bytes)
[    0.000000] Built 1 zonelstinNode oermobily ouping on.Tol paes 2913
[    0.0000 Plicy on: MA2
[  000000] Kernel command line: BOOT_IMAGE=/boot/vmlinuz-4.4.0-109-generic root=LABEL=cloudimg-rootfs ro console=tty1 console=ttyS0
[    0.000000] PID hash table entries: 4096 (order: 3, 32768 bytes)
[    0.000000] Memory: 1001740K/1048120K available (8485K kernel code, 1308K rwdata, 3988K rodata, 1508K init, 1316K bss, 46380K reserved, 0K a-eseve
    0.000000] SLUB: HWalign=64, Order=0-3, MnObjects=0, CPUs=2, Node1
[  0.0000] Kernel/User page tables isolation: enabled
[    0.000000 Hrachical RC ileentatn.
[    00000] 	Biltie adusen of ea fnouto 4.
[  000000] RCrestrti CPU fm R_CPS=2 o r_u_ds2.[   0.000] RU:djstngeoetryforc_fano_lef=64, nr_cpu_s=
[    0.00000NR_IRQS:33024 nr_iqs40 16
[   000000]Coole: clourVGA+ 0x25
[    000000]cosole [ty1] enabled
[    0.000000] console [ttyS0] enabled
[    0.000000] tsc: Detected 2899.998 MHz processor
[    9.270703] Calibrating delay loop (skipped) preset value.. 579.9 ogoMIPS (lpj=11599992)
[    9.362064] pid_max: default: 32768 minimum: 301
[    9.384612] ACPI: Core revision 20150930
[    9.386745] ACPI: 2 ACPI AML tables successfully acquired and loaded
[    9.404197] Security Framework initialized
[    9.456076] Yama: becoming mindful.
[    9.509546] AppArmor: AppArmor initialized
[    9.583468] Dentry cache hash table entries: 131072 (order: 8, 1048576 bytes)
[    9.700007] Inode-cache hash table entries: 65536 (order: 7, 524288 bytes)
[    9.790354] Mount-cache hash table entries: 2048 (order: 2, 16384 bytes)
[    9.887233] Mountpoint-cache hash table entries: 2048 (order: 2, 16384 bytes)
[    9.963381] Initializing cgroup subsys io
[   10.010875] Initializing cgroup subsys memory
[   10.075984] Initializing cgroup subsys devices
[   10.116205] Initializing cgroup subsys freezer
[   10.124576] Initializing cgroup subsys net_cls
[   10.125534] Initializing cgroup subsys perf_event
[   10.126563] Initializing cgroup subsys net_prio
[   10.194547] Initializing cgroup subsys hugetlb
[   10.210633] Initializing cgroup subsys pids
[   10.271284] CPU: Physical Processor ID: 0
[   10.294705] CPU: Processor Core ID: 0
[   10.354219] mce: CPU supports 0 MCE banks
[   10.403971] Last level iTLB entries: 4KB 64, 2MB 8, 4MB 8
[   10.483081] Last level dTLB entries: 4KB 64, 2MB 0, 4MB 0, 1GB 4
[   10.573727] Freeing SMP alternatives memory: 32K
[   10.643121] ftrace: allocating 32171 entries in 126 pages
[   10.773336] smpboot: APIC(0) Converting physical 0 to logical package 0
[   10.880650] smpboot: Max logical packages: 1
[   10.945147] x2apic enabled
[   10.997135] Switched APIC routing to physical x2apic.
[   11.016381] ..TIMER: vector=0x30 apic1=0 pin1=2 apic2=-1 pin2=-1
[   11.122314] smpboot: CPU0: Intel(R) Core(TM) i5-5287U CPU @ 2.90GHz (family: 0x6, model: 0x3d, stepping: 0x4)
[   11.243684] Performance Events: unsupported p6 CPU model 61 no PMU driver, software events only.
[   11.331331] KVM setup paravirtual spinlock
[   11.333049] x86: Booting SMP configuration:
[   11.374594] .... node  #0, CPUs:      #1
[   11.391327] kvm-clock: cpu 1, msr 0:3ffe3041, secondary cpu clock
[   11.418477] mce: CPU supports 0 MCE banks
[   11.437497] x86: Booted up 1 node, 2 CPUs
[   11.451055] smpboot: Total of 2 processors activated (11599.99 BogoMIPS)
[   11.474784] devtmpfs: initialized
[   11.490761] evm: security.selinux
[   11.492012] evm: security.SMACK64
[   11.523709] evm: security.SMACK64EXEC
[   11.540805] evm: security.SMACK64TRANSMUTE
[   11.552674] evm: security.SMACK64MMAP
[   11.559061] evm: security.ima
[   11.559766] evm: security.capability
[   11.560805] clocksource: jiffies: mask: 0xffffffff max_cycles: 0xffffffff, max_idle_ns: 7645041785100000 ns
[   11.605675] futex hash table entries: 512 (order: 3, 32768 bytes)
[   11.607345] pinctrl core: initialized pinctrl subsystem
[   11.614310] RTC time: 17:12:44, date: 02/24/18
[   11.619377] NET: Registered protocol family 16
[   11.638009] cpuidle: using governor ladder
[   11.677599] cpuidle: using governor menu
[   11.701520] PCCT header not found.
[   11.725791] ACPI: bus type PCI registered
[   11.737073] acpiphp: ACPI Hot Plug PCI Controller Driver version: 0.5
[   11.760965] PCI: Using configuration type 1 for base access
[   11.773420] ACPI: Added _OSI(Module Device)
[   11.828973] ACPI: Added _OSI(Processor Device)
[   11.887537] ACPI: Added _OSI(3.0 _SCP Extensions)
[   11.937338] ACPI: Added _OSI(Processor Aggregator Device)
[   11.994087] AAPI: Executed 1 blocks of module-level executable AML code
[   12.073468] ACPI: Interpreter enabled
[   12.127869] ACPI: (supports S0 S5)
[   12.151607] ACPI: Using IOAPIC for interrupt routing
[   12.180488] PCI: Using host bridge windows from ACPI; if necessary, use "pci=nocrs" and report a bug
[   12.258816] ACPI: PCI Root Bridge [PCI0] (domain 0000 [bus 00-ff])
[   12.335147] acpi PNP0A03:00: _OSC: OS supports [ASPM ClockPM Segments MSI]
[   12.405640] acpi PNP0A03:00: _OSC: not requesting OS control; OS requires [ExtendedConfig ASPM ClockPM MSI]
[   12.502944] acpi PNP0A03:00: fail to add MMCONFIG information, can't access extended PCI configuration space under this bridge.
[   12.529769] PCI host bridge to bus 0000:00
[   12.546810] pci_bus 0000:00: root bus resource [io  0x0000-0x0cf7 window]
[   12.564876] pci_bus 0000:00: root bus resource [io  0x0d00-0xffff window]
[   12.578419] pci_bus 0000:00: root bus resource [mem 0x000a0000-0x000bffff window]
[   12.619294] pci_bus 0000:00: root bus resource [mem 0x40000000-0xfdffffff window]
[   12.654415] pci_bus 0000:00: root bus resource [bus 00-ff]
[   12.674552] pci 0000:00:01.1: legacy IDE quirk: reg 0x10: [io  0x01f0-0x01f7]
[   12.681965] pci 0000:00:01.1: legacy IDE quirk: reg 0x14: [io  0x03f6]
[   12.685779] pci 0000:00:01.1: legacy IDE quirk: reg 0x18: [io  0x0170-0x0177]
[   12.698198] pci 0000:00:01.1: legacy IDE quirk: reg 0x1c: [io  0x0376]
[   12.729969] pci 0000:00:07.0: quirk: [io  0x4000-0x403f] claimed by PIIX4 ACPI
[   12.747211] pci 0000:00:07.0: quirk: [io  0x4100-0x410f] claimed by PIIX4 SMB
[   12.791334] ACPI: PCI Interrupt Link [LNKA] (IRQs 5 9 10 *11)
[   12.829022] ACPI: PCI Interrupt Link [LNKB] (IRQs 5 9 *10 11)
[   12.884705] ACPI: PCI Interrupt Link [LNKC] (IRQs 5 *9 10 11)
[   12.892003] ACPI: PCI Interrupt Link [LNKD] (IRQs 5 9 10 *11)
[   12.932338] ACPI: Enabled 2 GPEs in block 00 to 07
[   12.974053] vgaarb: setting as boot device: PCI:0000:00:02.0
[   13.017485] vgaarb: device added: PCI:0000:00:02.0,decodes=io+mem,owns=io+mem,locks=none
[   13.080852] vgaarb: loaded
[   13.115786] vgaarb: bridge control possible 0000:00:02.0
[   13.117129] SCSI subsystem initialized
[   13.118121] ACPI: bus type USB registered
[   13.168027] usbcore: registered new interface driver usbfs
[   13.208074] usbcore: registered new interface driver hub
[   13.268998] usbcore: registered new device driver usb
[   13.309601] PCI: Using ACPI for IRQ routing
[   13.331877] NetLabel: Initializing
[   13.332663] NetLabel:  domain hash size = 128
[   13.333591] NetLabel:  protocols = UNLABELED CIPSOv4
[   13.334625] NetLabel:  unlabeled traffic allowed by default
[   13.364584] amd_nb: Cannot enumerate AMD northbridges
[   13.431362] clocksource: Switched to clocksource kvm-clock
[   15145 AAror: AppArmor Filesystem Enabled
[  17235 pnp: PnP ACPI init
[   13.98] p:nPCP fun3 vis
[   14.367131] clocksource: acpi_pm: mask: 0xffffff max_cycles: 0xffffff, max_idle_ns: 2085701024 nn
[   14.547427] NET: Registered protocol family 2
[   14.604081] TCP established hash table entries: 8192 (order: 4, 65536 bytes)
[   14.653487] TCP bind hash table entries: 8192 (order: 5, 131072 bytes)
[   14.654788] TCP: Hash tables configured (established 8192 bind 8192)
[   14.656081] UDP hash table entries: 512 (order: 2, 16384 bytes)
[   14.657371] UDP-Lite hash table entries: 512 (order: 2, 16384 bytes)
[   14.658757] NET: Registered protocol family 1
[   14.711900] pci 0000:00:00.0: Limiting direct PCI/PCI transfers
[   14.755505] pci 0000:00:01.0: Activating ISA DMA hang workarounds
[   14.782429] Unpacking initramfs...
[   16.349484] Freeing initrd memory: 10792K
[   16.383954] RAPL PMU detected, API unit is 2^-32 Joules, 4 fixed counters 10737418240 ms ovfl timer
[   16.517284] hw unit of domain pp0-core 2^-0 Joules
[   16.533455] hw unit of domain package 2^-0 Joules
[   16.601876] hw unit of domain dram 2^-0 Joules
[   16.664087] hw unit of domain pp1-gpu 2^-0 Joules
[   6.51] laorrtc_os: rgisteedpltform RTC device (no PP eve un
  7.268]Scnig r low memory corruption every 60 seconds

[   17.553564] audit: initializing netlink subsys (disabled)
[   17.614661] audit: type=2000 audit(1519492362.133:1): initialized
[   17.663618] tsc: Refined TSC clocksource calibration: 2900.598 MHz
[   17.663621] clocksource: tsc: mask: 0xffffffffffffffff max_cycles: 0x29cf7847b25, max_idle_ns: 440795347153 ns
[   17.848337] Initialise system trusted keyring
[   17.888559] HugeTLB registered 2 MB page size, pre-allocated 0 pages
[   17.933743] zbud: loaded
[   17.965744] VFS: Disk quotas dquot_6.6.0
[   17.969690] VFS: Dquot-cache hash table entries: 512 (order 0, 4096 bytes)
[   1.9226] squashfs: version 4.0 (2009/01/31 PilipLohe

[ 18496]usin (I rsn 7.23)
[   18.669655] Key type big_key registered
[   18.700176] Allocating IMA MOK and blacklist keyrings.
[   18.709855] Key type asymmetric registered
[   18.717743] Asymmetric key parser 'x509' registered
[   18.718811] Block layer SCSI generic (bsg) driver version 0.4 loaded (major 249)
[   18.772423] io scheduler noop registered
[   18.815878] io scheduler deadline registered (default)
[   18.877049] io scheduler cfq registered
[   18.908379] pci_hotplug: PCI Hot Plug PCI Core version: 0.5
[   18.945109] pciehp: PCI Express Hot Plug Controller Driver version: 0.4
[   19.021543] ACPI: AC Adapter [AC] (on-line)
[   19.072196] input: Power Button as /devices/LNXSYSTM:00/LNXPWRBN:00/input/input0
[   19.104002] ACPI: Power Button [PWRF]
[   19.14007] npt:Slp ttn  /vices/LXSTM0/NXLPBN:00/input/input1
[   19.635773] ACPI: Sleep Button [SLPF]
[   19.637969]CP Btey ot[BAT0 (tty est)
[   0.3039] GHES:HE i n ebl!
[   20.529985] Serial: 8250/16550 driver, 32 ports, IRQ sharing enabled
ÿ[   20.626082] 00:02: ttyS0 at I/O 0x3f8 (irq = 4, base_baud = 115200) is a 16550A
[   20.688336] Linux agpgart interface v0.103
[   20.708486] loop: module loaded
[   20.720972] scsi host0: ata_piix
[   20.722147] scsi host1: ata_piix
[   20.730058] ata1: PATA max UDMA/33 cmd 0x1f0 ctl 0x3f6 bmdma 0xd000 irq 14
[   20.744598] ata2: PATA max UDMA/33 cmd 0x170 ctl 0x376 bmdma 0xd008 irq 15
[   20.789117] libphy: Fixed MDIO Bus: probed
[   20.803668] tun: Universal TUN/TAP device driver, 1.6
[   20.804814] tun: (C) 1999-2004 Max Krasnyansky <maxk@qualcomm.com>
[   20.831542] PPP generic driver version 2.4.2
[   20.857608] ehci_hcd: USB 2.0 'Enhanced' Host Controller (EHCI) Driver
[   20.865766] ehci-pci: EHCI PCI platform driver
[   20.897228] ehci-platform: EHCI generic platform driver
[   21.024170] ohci_hcd: USB 1.1 'Open' Host Controller (OHCI) Driver
[   21.044096] ohci-pci: OHCI PCI platform driver
[   21.049747] ohci-platform: OHCI generic platform driver
[   21.124217] uhci_hcd: USB Universal Host Controller Interface driver
[   21.125551] i8042: PNP: PS/2 Controller [PNP0303:PS2K,PNP0f03:PS2M] at 0x60,0x64 irq 1,12
[   21.127749] serio: i8042 KBD port at 0x60,0x64 irq 1
[   21.133210] serio: i8042 AUX port at 0x60,0x64 irq 12
[   21.137876] mousedev: PS/2 mouse device common for all mice
[   21.212136] rtc_cmos rtc_cmos: rtc core: registered rtc_cmos as rtc0
[   21.263845] rtc_cmos rtc_cmos: alarms up to one day, 114 bytes nvram
[   21.265156] i2c /dev entries driver
[   21.266060] input: AT Translated Set 2 keyboard as /devices/platform/i8042/serio0/input/input2
[   21.302081] device-mapper: uevent: version 1.0.3
[   21.324228] device-mapper: ioctl: 4.34.0-ioctl (2015-10-28) initialised: dm-devel@redhat.com
[   21.326107] ledtrig-cpu: registered to indicate activity on CPUs
[   21.327916] NET: Registered protocol family 10
[   21.368858] NET: Registered protocol family 17
[   21.371588] Key type dns_resolver registered
[   21.372728] microcode: CPU0 sig=0x306d4, pf=0x40, revision=0x0
[   21.384143] microcode: CPU1 sig=0x306d4, pf=0x40, revision=0x0
[   21.391505] microcode: Microcode Update Driver: v2.01 <tigran@aivazian.fsnet.co.uk>, Peter Oruba
[   21.401884] registered taskstats version 1
[   21.405463] Loading compiled-in X.509 certificates
[   21.410959] Loaded X.509 cert 'Build time autogenerated kernel key: 96e61bd247bb6c4e82ca419795a98fcb171b0e99'
[   21.420625] zswap: loaded using pool lzo/zbud
[   21.433514] Key type trusted registered
[   21.445702] Key type encrypted registered
[   21.448075] AppArmor: AppArmor sha1 policy hashing enabled
[   21.457546] ima: No TPM chip found, activating TPM-bypass!
[   21.466573] evm: HMAC attrs: 0x1
[   21.474083]   Magic number: 6:749:239
[   21.487745] rtc_cmos rtc_cmos: setting system clock to 2018-02-24 17:12:54 UTC (1519492374)
[   21.576610] BIOS EDD facility v0.16 2004-Jun-25, 0 devices found
[   21.602552] EDD information not available.
[   21.619634] Freeing unused kernel memory: 1508K
[   21.664370] Write protecting the kernel read-only data: 14336k
[   21.693698] Freeing unused kernel memory: 1744K
[   21.703637] Freeing unused kernel memory: 108K
Loading, please wait...
startin[   21.718997] random: systemd-udevd: uninitialized urandom read (16 bytes read, 5 bits of entropy available)
g version 229
[   21.719675] random: udevadm: uninitialized urandom read (16 bytes read, 5 bits of entropy available)
[   21.719698] random: udevadm: uninitialized urandom read (16 bytes read, 5 bits of entropy available)
[   21.729253] random: udevadm: uninitialized urandom read (16 bytes read, 5 bits of entropy available)
[   21.729296] random: udevadm: uninitialized urandom read (16 bytes read, 5 bits of entropy available)
[   21.729444] random: udevadm: uninitialized urandom read (16 bytes read, 5 bits of entropy available)
[   21.729500] random: udevadm: uninitialized urandom read (16 bytes read, 5 bits of entropy available)
[   21.729555] random: udevadm: uninitialized urandom read (16 bytes read, 5 bits of entropy available)
[   21.729609] random: udevadm: uninitialized urandom read (16 bytes read, 5 bits of entropy available)
[   21.729661] random: udevadm: uninitialized urandom read (16 bytes read, 5 bits of entropy available)
[   22.015854] Fusion MPT base driver 3.04.20
[   22.031857] Copyright (c) 1999-2008 LSI Corporation
[   22.060630] e1000: Intel(R) PRO/1000 Network Driver - version 7.3.21-k8-NAPI
[   22.078385] e1000: Copyright (c) 1999-2006 Intel Corporation.
[   22.104144] Fusion MPT SPI Host driver 3.04.20
[   22.148920] AVX2 version of gcm_enc/dec engaged.
[   22.155269] AES CTR mode by8 optimization enabled
[   22.313012] input: ImExPS/2 Generic Explorer Mouse as /devices/platform/i8042/serio1/input/input4
[   22.680700] e1000 0000:00:03.0 eth0: (PCI:33MHz:32-bit) 02:38:07:4c:82:85
[   23.796251] e1000 0000:00:03.0 eth0: Intel(R) PRO/1000 Network Connection
[   23.818029] e1000 0000:00:03.0 enp0s3: renamed from eth0
[   23.845486] mptbase: ioc0: Initiating bringup
[   23.975769] ioc0: LSI53C1030 A0: Capabilities={Initiator}
[   24.245591] scsi host2: ioc0: LSI53C1030 A0, FwRev=00000000h, Ports=1, MaxQ=256, IRQ=20
[   24.468323] scsi 2:0:0:0: Direct-Access     VBOX     HARDDISK         1.0  PQ: 0 ANSI: 5
[   24.564162] scsi target2:0:0: Beginning Domain Validation
[   24.617061] scsi target2:0:0: Domain Validation skipping write tests
[   24.821618] scsi target2:0:0: Ending Domain Validation
[   24.837790] scsi target2:0:0: asynchronous
[   24.870511] scsi 2:0:1:0: Direct-Access     VBOX     HARDDISK         1.0  PQ: 0 ANSI: 5
[   24.873349] scsi target2:0:1: Beginning Domain Validation
[   24.875289] scsi target2:0:1: Domain Validation skipping write tests
[   25.799727] scsi target2:0:1: Ending Domain Validation
[   25.836389] floppy0: no floppy controllers found
[   25.836472] scsi target2:0:1: asynchronous
[   25.876868] sd 2:0:0:0: Attached scsi generic sg0 type 0
[   25.916466] sd 2:0:0:0: [sda] 20971520 512-byte logical blocks: (10.7 GB/10.0 GiB)
[   25.918714] sd 2:0:0:0: [sda] Write Protect is off
[   25.937196] sd 2:0:1:0: [sdb] 20480 512-byte logical blocks: (10.5 MB/10.0 MiB)
[   25.937486] sd 2:0:1:0: Attached scsi generic sg1 type 0
[   25.937653] sd 2:0:0:0: [sda] Incomplete mode parameter data
[   25.937654] sd 2:0:0:0: [sda] Assuming drive cache: write through
[   25.953821]  sda: sda1
[   25.954580] sd 2:0:0:0: [sda] Attached SCSI disk
[   26.119024] sd 2:0:1:0: [sdb] Write Protect is off
[   26.127843] sd 2:0:1:0: [sdb] Incomplete mode parameter data
[   26.142086] sd 2:0:1:0: [sdb] Assuming drive cache: write through
[   26.154315] sd 2:0:1:0: [sdb] Attached SCSI disk
Begin: Loading e[   27.553652] md: linear personality registered for level -1
ssential drivers[   27.588142] md: multipath personality registered for level -4
 ... [   27.654666] md: raid0 personality registered for level 0
[   27.719543] md: raid1 personality registered for level 1
[   27.887470] raid6: sse2x1   gen()  7232 MB/s
[   27.983436] raid6: sse2x1   xor()  5130 MB/s
[   28.079430] raid6: sse2x2   gen()  5804 MB/s
[   28.183853] raid6: sse2x2   xor()  7542 MB/s
[   28.255808] raid6: sse2x4   gen() 10736 MB/s
[   28.351469] raid6: sse2x4   xor()  9379 MB/s
[   28.435557] raid6: avx2x1   gen() 18897 MB/s
[   28.515581] raid6: avx2x2   gen() 21427 MB/s
[   28.647457] raid6: avx2x4   gen() 25049 MB/s
[   28.676399] raid6: using algorithm avx2x4 gen() 25049 MB/s
[   28.697671] raid6: using avx2x2 recovery algorithm
[   28.700136] xor: automatically using best checksumming function:
[   28.807671]    avx       : 21697.000 MB/sec
[   28.884265] async_tx: api initialized (async)
[   28.934445] md: raid6 personality registered for level 6
[   29.004235] md: raid5 personality registered for level 5
[   29.005319] md: raid4 personality registered for level 4
[   29.047426] md: raid10 personality registered for level 10
done.
Begin: Running /scripts/init-premount ... done.
Begin: Mounting root file sys[   29.205073] Btrfs loaded
tem ... Begin: Running /scripts/local-top ... done.
Begin: Running /scripts/local-premount ... Scanning for Btr[   29.263470] EXT4-fs (sda1): INFO: recovery required on readonly filesystem
fs filesystems
[   29.325762] EXT4-fs (sda1): write access will be enabled during recovery
done.
Warning: fsck not present[   29.435426] EXT4-fs (sda1): recovery complete
, so skipping ro[   29.496945] EXT4-fs (sda1): mounted filesystem with ordered data mode. Opts: (null)
ot file system
done.
Begin: Running /scripts/local-bottom ... done.
Begin: Running /scripts/init-bottom ... done.
[   29.726242] systemd[1]: systemd 229 running in system mode. (+PAM +AUDIT +SELINUX +IMA +APPARMOR +SMACK +SYSVINIT +UTMP +LIBCRYPTSETUP +GCRYPT +GNUTLS +ACL +XZ -LZ4 +SECCOMP +BLKID +ELFUTILS +KMOD -IDN)
[   29.907049] systemd[1]: Detected virtualization oracle.
[   30.006964] systemd[1]: Detected architecture x86-64.

Welcome to [1mUbuntu 16.04.3 LTS[0m!

[   30.100423] systemd[1]: Set hostname to <ubuntu-xenial>.
[   30.308612] random: nonblocking pool is initialized
[   30.393261] systemd[1]: Listening on Journal Socket.
[[0;32m  OK  [0m] Listening on Journal Socket.
[   30.536043] systemd[1]: Set up automount Arbitrary Executable File Formats File System Automount Point.
[[0;32m  OK  [0m] Set up automount Arbitrary Executab...ats File System Automount Point.
[   30.662424] systemd[1]: Listening on udev Control Socket.
[[0;32m  OK  [0m] Listening on udev Control Socket.
[   30.745140] systemd[1]: Started Trigger resolvconf update for networkd DNS.
[[0;32m  OK  [0m] Started Trigger resolvconf update for networkd DNS.
[   30.812730] systemd[1]: Started Forward Password Requests to Wall Directory Watch.
[[0;32m  OK  [0m] Started Forward Password Requests to Wall Directory Watch.
[   30.996645] systemd[1]: Listening on LVM2 metadata daemon socket.
[[0;32m  OK  [0m] Listening on LVM2 metadata daemon socket.
[   31.052204] systemd[1]: Created slice User and Session Slice.
[[0;32m  OK  [0m] Created slice User and Session Slice.
[   31.116389] systemd[1]: Created slice System Slice.
[[0;32m  OK  [0m] Created slice System Slice.
[   31.260306] systemd[1]: Starting Uncomplicated firewall...
         Starting Uncomplicated firewall...
[   31.368086] systemd[1]: Starting Set console keymap...
         Starting Set console keymap...
[   31.452063] systemd[1]: Created slice system-serial\x2dgetty.slice.
[[0;32m  OK  [0m] Created slice system-serial\x2dgetty.slice.
[   31.543914] systemd[1]: Starting Load Kernel Modules...
         [   31.571256] Loading iSCSI transport class v2.0-870.
Starting Load Kernel Modules...
[   31.588678] systemd[1]: Starting Create list of required static device nodes for the current kernel...
         [   31.596876] iscsi: registered transport (tcp)
Starting Create list of required st... nodes for[   31.639428] iscsi: registered transport (iser)
 the current kernel...
[   31.644868] systemd[1]: Listening on /dev/initctl Compatibility Named Pipe.
[[0;32m  OK  [0m] Listening on /dev/initctl Compatibility Named Pipe.
[   31.751925] systemd[1]: Starting Nameserver information manager...
         Starting Nameserver information manager...
[ 3183203]ysmd1]Lieng  Journal Audit Socket.
[[0;32m  OK  [0m] Listening on Journal Audit Socket.
[   32.254875] systemd[1]: Reached target Enryed Volmes.
[[0;32m  OK  [0m] Reached target Encrypted Volumes.
[  2.43] stmd[1]:Lieng  LVM2 pllaeonsoet.
[[0;32m  OK  [0m] Listening on LVM2 poll daemon socket.
[  3.2731] systemd[1]: Listening on Syslog Socket.
[[0;32m  OK  [0m] Listening on Syslog Socket.

[   33.407643] systemd[1]: Mounting POSIX Message Queue File System...
         Mounting POSIX Message Queue File System...
[   33.507822] systemd[1]: Starting Remount Root and Kernel File Systems...
         [   33.544436] EXT4-fs (sda1): re-mounted. Opts: (null)
Starting Remount Root and Kernel File Systems...
[   33.603952] systemd[1]: Listening on udev Kernel Socket.
[[0;32m  OK  [0m] Listening on udev Kernel Socket.
[   33.688115] systemd[1]: Mounting Huge Pages File System...
         Mounting Huge Pages File System...
[   33.759939] systemd[1]: Mounting Debug File System...
         Mounting Debug File System...
[  33.820247] systemd[1]: Reached target User and Group Name Lookups.
[[0;32m  OK  [0m] Reached target User and Group Name Lookups.
[   33.858411] systemd[1]: Listening on Device-mapper event daemon FIFOs.
[[0;32m  OK  [0m] Listening on Device-mapper event daemon FIFOs.
[   33.888270] systemd[1]: Starting Monitoring of LVM2 mirrors, snapshots etc. using dmeventd or progress polling...
         Starting Monitoring of LVM2 mirrors... dmeventd or progress polling...
[   33.972302] systemd[1]: Listening on Journal Socket (/dev/log).
[[0;32m  OK  [0m] Listening on Journal Socket (/dev/log).
[   34.071654] systemd[1]: Starting Journal Service...
         Starting Journal Service...
[   34.147589] systemd[1]: Reached target Swap.
[[0;32m  OK  [0m] Reached target Swap.
[   34.155654] systemd[1]: Reached target Slices.
[[0;32m  OK  [0m] Reached target Slices.
[   34.181442] systemd[1]: Mounted POSIX Message Queue File System.
[[0;32m  OK  [0m] Mounted POSIX Message Queue File System.
[ 34.363] systemd[1: und gePages File Systm.
[[0;32m  OK  [0m] Mounted Huge Pages File System.
[  3.723825] systmd]:ounted DugilSyem

[[0;32m  OK  [0m] Mounted Debug File System.
[   35.124] systemd[1]StteJonaSeic
[[0;32m  OK  [0m] Started Journal Service.
[[0;32m  OK  [0m] Started Uncomplicated firewall.
[[0;32m  OK  [0m] Started Set console keymap.
[[0;32m  OK  [0m] Started Load Kernel Modules.
[[0;32m  OK  [0m] Started Create list of required sta...ce nodes for the current kernel.
[[0;32m  OK  [0m] Started Remount Root and Kernel File Systems.
[[0;32m  OK  [0m] Started Nameserver information manager.
[[0;32m  OK  [0m] Started LVM2 metadata daemon.
         Starting Load/Save Random Seed...
         Starting udev Coldplug all Devices...
         Starting Initial cloud-init job (pre-networking)...
         Starting Create Static Device Nodes in /dev...
         Starting Apply Kernel Variables...
         Mounting FUSE Control File System...
         Starting Flush Journal to Persistent Storage...
[[0;32m  OK  [0m] Mounted FUSE Control File System.
[[0;32m  OK  [0m] Started Load/Save Random Seed.
[[0;32m  OK  [0m] Started Create Static Device Nodes in /dev.
[[0;32m  OK  [0m] Started Apply Kernel Variables.
[[0;32m  OK  [0m] Started udev Coldplug all Devices.
[[0;32m  OK  [0m] Started Flush Journal to Persistent Storage.
         Starting udev Kernel Device Manager...
[[0;32m  OK  [0m] Started Monitoring of LVM2 mirrors,...ng dmeventd or progress polling.
[[0;32m  OK  [0m] Started udev Kernel Device Manager.
[[0;32m  OK  [0m] Started Dispatch Password Requests to Console Directory Watch.
         Starting LSB: QEMU KVM module loading script...
[[0;32m  OK  [0m] Reached target Local File Systems (Pre).
[[0;32m  OK  [0m] Reached target Local File Systems.
         Starting LSB: AppArmor initialization...
         Starting Set console font and keymap...
         Starting Create Volatile Files and Directories...
         Starting Tell Plymouth To Write Out Runtime Data...
         Starting Enable support for additional executable binary formats...
[[0;32m  OK  [0m] Started Create Volatile Files and Directories.
[[0;32m  OK  [0m] Started Tell Plymouth To Write Out Runtime Data.
[[0;32m  OK  [0m] Started LSB: QEMU KVM module loading script.
[[0;32m  OK  [0m] Found device /dev/ttyS0.
         Mounting Arbitrary Executable File Formats File System...
         Starting Update UTMP about System Boot/Shutdown...
[[0;32m  OK  [0m] Reached target System Time Synchronized.
[[0;32m  OK  [0m] Mounted Arbitrary Executable File Formats File System.
[[0;32m  OK  [0m] Started LSB: AppArmor initialization.
[[0;32m  OK  [0m] Started Update UTMP about System Boot/Shutdown.
[[0;32m  OK  [0m] Started Enable support for additional executable binary formats.
[[0;32m  OK  [0m] Started Set console font and keymap.
[[0;32m  OK  [0m] Created slice system-getty.slice.
[[0;32m  OK  [0m] Listening on Load/Save RF Kill Switch Status /dev/rfkill Watch.
[   24.472411] cloud-init[449]: Cloud-init v. 17.1 running 'init-local' at Sat, 24 Feb 2018 17:13:09 +0000. Up 23.92 seconds.
[[0;32m  OK  [0m] Started Initial cloud-init job (pre-networking).
[[0;32m  OK  [0m] Reached target Network (Pre).
         Starting Raise network interfaces...
[[0;32m  OK  [0m] Started ifup for enp0s3.
[[0;32m  OK  [0m] Found device 82540EM Gigabit Ethern...r (PRO/1000 MT Desktop Adapter).
[[0;32m  OK  [0m] Started Raise network interfaces.
         Starting Initial cloud-init job (metadata service crawler)...
[[0;32m  OK  [0m] Reached target Network.
[   27.362966] cloud-init[1003]: Cloud-init v. 17.1 running 'init' at Sat, 24 Feb 2018 17:13:12 +0000. Up 27.05 seconds.
[[0;32m  OK  [0m] Started Initial cloud-init job (metadata service crawler).
[   27.448606] cloud-init[1003]: ci-info: +++++++++++++++++++++++++++++++++++++Net device info+++++++++++++++++++++++++++++++++++++
[[0;32m  OK  [0m] Reached target Network is Online.
[   27.504215] cloud-init[1003]: ci-info: +--------+------+---------------------------+---------------+-------+-------------------+
[   27.548365] cloud-init[1003]: ci-info: | Device |  Up  |          Address          |      Mask     | Scope |     Hw-Address    |
[   27.636616] cloud-init[1003]: ci-info: +--------+------+---------------------------+---------------+-------+-------------------+
         Starting iSCSI initiator daemon (iscsid)...
[[0;32m  OK  [0m] Reached target System Initialization.
[[0;32m  OK  [0m] Listening on D-Bus System Message Bus Socket.
[[0;32m  OK  [0m] Listening on ACPID Listen Socket.
[   27.689300] cloud-init[1003]: ci-info: | enp0s3 | True |         10.0.2.15         | 255.255.255.0 |   .   | 02:38:07:4c:82:85 |
[   27.892977] cloud-init[1003]: ci-info: | enp0s3 | True | fe80::38:7ff:fe4c:8285/64 |       .       |  link | 02:38:07:4c:82:85 |
[   27.952616] cloud-init[1003]: ci-info: |   lo   | True |         127.0.0.1         |   255.0.0.0   |   .   |         .         |
[[0;32m  OK  [0m] Started Timer to automatically refresh installed snaps.
[[0;32m  OK  [0m] Started Daily Cleanup of Temporary Directories.
[[0;32m  OK  [0m] Listening on UUID daemon activation socket.
[   28.035847] cloud-init[1003]: ci-info: |   lo   | True |          ::1/128          |       .       |  host |         .         |
[   28.260950] cloud-init[1003]: ci-info: +--------+------+---------------------------+---------------+-------+-------------------+
[   28.348508] cloud-init[1003]: ci-info: +++++++++++++++++++++++++++Route IPv4 info++++++++++++++++++++++++++++
[   28.428584] cloud-init[1003]: ci-info: +-------+-------------+----------+---------------+-----------+-------+
[   28.488409] cloud-init[1003]: ci-info: | Route | Destination | Gateway  |    Genmask    | Interface | Flags |
[[0;32m  OK  [0m] Started ACPI Events Check.
[[0;32m  OK  [0m] Reached target Paths.
[[0;32m  OK  [0m] Started Daily apt download activities.
[   28.542503] cloud-init[1003]: ci-info: +-------+-------------+----------+---------------+-----------+-------+
[   28.646493] cloud-init[1003]: ci-info: |   0   |   0.0.0.0   | 10.0.2.2 |    0.0.0.0    |   enp0s3  |   UG  |
[   28.728751] cloud-init[1003]: ci-info: |   1   |   10.0.2.0  | 0.0.0.0  | 255.255.255.0 |   enp0s3  |   U   |
[[0;32m  OK  [0m] Started Daily apt upgrade and clean activities.
[[0;32m  OK  [0m] Reached target Timers.
         Starting LXD - unix socket.
[   28.787348] cloud-init[1003]: ci-info: +-------+-------------+----------+---------------+-----------+-------+
         Starting Socket activation for snappy daemon.
[[0;32m  OK  [0m] Reached target Cloud-config availability.
[[0;32m  OK  [0m] Listening on LXD - unix socket.
[[0;32m  OK  [0m] Listening on Socket activation for snappy daemon.
[[0;32m  OK  [0m] Started iSCSI initiator daemon (iscsid).
         Starting Login to default iSCSI targets...
[[0;32m  OK  [0m] Reached target Sockets.
[[0;32m  OK  [0m] Reached target Basic System.
         Starting LSB: MD monitoring daemon...
[[0;32m  OK  [0m] Started ACPI event daemon.
         Starting Apply the settings specified in cloud-config...
         Starting /etc/rc.local Compatibility...
[[0;32m  OK  [0m] Started FUSE filesystem for LXC.
[[0;32m  OK  [0m] Started Regular background program processing daemon.
[[0;32m  OK  [0m] Started Deferred execution scheduler.
[[0;32m  OK  [0m] Started D-Bus System Message Bus.
         Starting OpenBSD Secure Shell server...
         Starting Login Service...
         Starting System Logging Service...
[[0;32m  OK  [0m] Started Unattended Upgrades Shutdown.
         Starting Accounts Service...
         Starting Snappy daemon...
         Starting LSB: Record successful boot for GRUB...
         Starting LXD - container startup/shutdown...
[[0;32m  OK  [0m] Started OpenBSD Secure Shell server.
[[0;32m  OK  [0m] Started System Logging Service.
[   30.055779] [cloud-init[0;32m  OK  [0m[1069]: ] Cloud-init v. 17.1 running  modules:config' at Sat, 24 Feb 2018 17:13:15 +0000. Up 29.75 seconds.Started Snappy daemon.

[[0;32m  OK  [0m] Started /etc/rc.local Compatibility.
[[0;32m  OK  [0m] Started Apply the settings specified in cloud-config.
[[0;32m  OK  [0m] Started LXD - container startup/shutdown.
[[0;32m  OK  [0m] Started Login to default iSCSI targets.
[[0;32m  OK  [0m] Started LSB: MD monitoring daemon.
[[0;32m  OK  [0m] Started LSB: Record successful boot for GRUB.
[[0;32m  OK  [0m] Started Login Service.
         Starting Authenticate and Authorize Users to Run Privileged Tasks...
[[0;32m  OK  [0m] Reached target Remote File Systems (Pre).
[[0;32m  OK  [0m] Reached target Remote File Systems.
         Starting LSB: Set the CPU Frequency Scaling governor to "ondemand"...
         Starting LSB: daemon to balance interrupts for SMP systems...
         Starting Permit User Sessions...
         Starting LSB: automatic crash report generation...
         Starting LSB: VirtualBox Linux Additions...
[[0;32m  OK  [0m] Started Permit User Sessions.
[[0;32m  OK  [0m] Started Authenticate and Authorize Users to Run Privileged Tasks.
[[0;32m  OK  [0m] Started Accounts Service.
[[0;32m  OK  [0m] Started LSB: Set the CPU Frequency Scaling governor to "ondemand".
[[0;32m  OK  [0m] Started LSB: daemon to balance interrupts for SMP systems.
[[0;32m  OK  [0m] Created slice User Slice of vagrant.
         Starting User Manager for UID 1000...
[[0;32m  OK  [0m] Started Session 1 of user vagrant.
         Starting Hold until boot process finishes up...
         Starting Terminate Plymouth Boot Screen...
[[0;32m  OK  [0m] Started User Manager for UID 1000.
[[0;32m  OK  [0m] Started LSB: automatic crash report generation.
[[0;32m  OK  [0m] Started Hold until boot process finishes up.
[[0;32m  OK  [0m] Started Terminate Plymouth Boot Screen.
         Starting Set console scheme...
[[0;32m  OK  [0m] Started Serial Getty on ttyS0.
[[0;32m  OK  [0m] Started Getty on tty1.
[[0;32m  OK  [0m] Reached target Login Prompts.
[[0;32m  OK  [0m] Started LSB: VirtualBox Linux Additions.
[[0;32m  OK  [0m] Started Set console scheme.
[[0;32m  OK  [0m] Reached target Multi-User System.
         Starting Execute cloud user/final scripts...
[[0;32m  OK  [0m] Reached target Graphical Interface.
         Starting Update UTMP about System Runlevel Changes...
[[0;32m  OK  [0m] Started Update UTMP about System Runlevel Changes.
[   32.294882] cloud-init[1238]: Cloud-init v. 17.1 running 'modules:final' at Sat, 24 Feb 2018 17:13:17 +0000. Up 32.02 seconds.
[   32.384592] cloud-init[1238]: Cloud-init v. 17.1 finished at Sat, 24 Feb 2018 17:13:18 +0000. Datasource DataSourceNoCloud [seed=/dev/sdb][dsmode=net].  Up 32.28 seconds
[[0;32m  OK  [0m] Started Execute cloud user/final scripts.
[[0;32m  OK  [0m] Reached target Cloud-init target.

Ubuntu 16.04.3 LTS ubuntu-xenial ttyS0

ubuntu-xenial login: 