[    000000] Iitialiing cgoup ubsy cpuet
    .00000] nitiizincgoup ubys cpu
[  0.0000Intialing roupubsys puac
[  0.0000]inuxersion4.4.-112enerc buil@lgw-amd-010(gc veion 4.0 16609 bunt5.4.6ubuu1~1.04.) ) 35-Ubutu SP ri J 19 :48: UTC 218 (untu.4.012.1-genic 4.48)
   0.0000]omma lin BOOIMAG=/bootmlin-4.4-112ener rooLABEcloumg-rtfs  conle=t1 cool=tt0
[  0.0000]ERNE suppoed cs:
   0.0000]  Inel GnueIntl
[   .0000]  AMD utntcA
[   0.0000   CntauCentrHau
[  0.0000]86fpu:statoffst[2]  57, xsate_izes]:  25
[   0.00000] 86/fu: Suportng XAVE eatue 0x1: '87 foatig pont rgistrs'[   0.0000] 86/fu: Suportig XSVE feaure 02: SSE egistrs'
[   00000 x86fp: SupotingXSVE fatre 0x0: AV rgistrs'
[   0.0000] 6/fp: nabld ste feures0x7,contxt sze i 832byte, usng 'tandrd' fomat.
[   .00000] x8/fpu Usig 'lzy FPU cntex swiches
[    000000]e80: BIO-proded hyicalRAM m:
[   0.0000] IOS-82: [mm x0000000000000-0x000000009bf] usble
[   0.00000] IOS-e80: [em 00000000009fc0-0x000000009fff] esered
[   0.0000] BIS-e80: [em 000000000f000-0x000000000ffff] reservd
[   0.0000] IO-e820: [em0x000000000000-0x00000003efff] sabl
[   0.00000 BIO-e820:[mem 0x0000000fff000-0x0000000fffff]ACPIdata
[   0.00000]BIOSe80: [mem 0x00000000fec00000-0x00000000fec00fff] reserved
[    0.000000] BIOS-ee82: mem x0000000ee0000-00000000fee0ff] rserv
[   0.0000 BIOS-e820: [mm x0000000ff000-000000ffffff] rerved
   0.00000] NX(Eecut Dsabl) roectin:ctiv
   .00000 SIOS .5presnt
[  0.0000] Hypervisor detected: KVM
[    0.0000] e820:lat_pf = 0x3ff0 maxarch_p = 04000000
[    0.000000] MTRR: Disabled
[    0.000000] x86/PAT: MTRRs disabled, skipping PAT initialization too.
[    0.000000] CPU MTRRs all blank - virtualized system.
[    0.000000] x86/PAT: Configuration 0-]: W  T  U-   WB  T UC- C 
   0.00000 fun SP MPtablat [em0x0009ff-0x009ffff maped a [fff880009fff0]
[   0.000000]Scannig 1 aras fr lo memry crrupion[    000000]RADISK [me 0x3ad000-3756fff]
[   0.000000 ACPI Eary tale cecsum veifiction dsabld
[   0.0000] CPI: RSP x000000000E000 00024(v02VBOX )
[  0.00000 ACP: XST 0x00000003FF003 00003 (v0 VBO  VBOXSD 000001 AS  00061)[   .00000] CPI:ACP x0000003FF000 000F (v0VBOX  BOXFCP000000 ASL 0000061
[   0.00000] CP: DS 0x0000000FF04700021 (v0 VBO   VBOBIOS000000 INT 210058)
[    0.0000] ACI:FACSx0000003F0200 0004
[  0.00000] API FAC 0x0000003FF020000000
[   0.0000] CPI: APIC 0x00000003FF020 0005C v02 BO  VBOXPIC 000000 ASL 000001)
[   0.00000]ACP SSD 0x0000003FF02A00001C (v1 VBX   BOCPUT 000002 NTL 200028)
[   000000] N NUM confiuraton fund
[   000000] Fkinga no at [mm 0x000000000000-0x0000000ffefff]
[   000000] NDEDATA0) alocatd [mem0x3feb00-0x3fefff
[   0.00000]kvm-lock Usig mss 4b64d0 and4b564d0
[   0.0000] k-clok: cpu 0 msr0:3ff3001,rimarycp clok
[  0.0000] kv-clock usig sced ofsetof 32698599 ycles
[   0.00000 cloksouce km-lockmask 0xfffffffffffff maxcycls: 01cd44dff, ma_idl_ns:8815059183 n
[   0.0000 Zon rngs:
[   0.0000]   MA     me 0x00000000010000x00000000fffff]
[   0.00000]  DMA2   mem 0x0000001000000x0000003ffefff]
    0.0000]   ormal  empy
[   0.0000]  Devce  emty
   0.00000Movae zoe strt foreachnode
[    .00000] arlymemoy ode anes
    0.00000]  noe   : [mem0x000000001000-0x000000000009efff]
[    0.000000]   node    0:[mm x0000000010000-000000003fffff]
[   0.0000] Intmemseup nde 0[mem0x0000000000100-x0000000ffefff]
[   0.0000] CPI:PM-Tmer O Port 0x408
    .00000] IOPIC[]: aic_id 2 verion 2,addrs 0xec0000, GSI 0-23
[    0.000000] ACPI: INT_SRC_OVR (bus 0 bus_irq 0 global_irq 2 dfl dfl)
[    0.000000] ACPI: INT_SRC_OVR (bus 0 bus_irq 9 global_irq 9 low level)
[    0.000000] Using ACPI (MADT) for SMP configuration information
[    0.000000] smpboot: Allowing 2 CPUs, 0 hotpg CPUs
[   0.00000]PM: Reisteed nsavememoy: [em 0x000000-0x0000ff]
   0.0000] P: egistered nosae memoy: [em 00009000-x000ffff
    .00000 PM:Regitere nsave mmoy: [mem 0x000a0000-0x000effff]
[    .0000] P: Registerednosae meor: [mm 0x00f0000x00ffff]
[   0.00000 e82: [mm 0x0000000xfefffff]avaiablefor PI deices
[   .00000] Botingparairtulize kerel o KVM
[   0.0000] lockouce: reinedjiffie: mak: 0fffffff ax_ccles 0xffffff, mx_idlens:7645196021158 ns
[   0.0000] etuppercu: N_CPU:512nr_cumaskbits512 r_cp_ids2 r_noe_id:1
   0.000000] PERCPU: Embedded 34 pages/cpu @ffff88003fc0000 9944 r82 d31528 u1048576
[    0.000000] PV qspinlock hash table entries: 256 (order: 0, 4096bytes)
[   0.0000] Buil 1 znelits i Nod ordr, mbiliy groupig on. Total ages 25713
   0.00000 Polcyzone DMA2
[   .00000 Kerne cmman lin: BOOTIMAG=/bot/vminuz4.4.0-12-geericrootLABEL=loudmgrootfsro conole=ty1 onsoe=ttS0
[    0.000000] PI hash ablentris: 496 (rder: , 3268 btes)
[   0.0000 Mmo: 101740/104120Kavilable(849K kenel coe, 109K wdat, 398K rdata 150K int, 116 bss 4380Kreseved,0K cmareseved)
[    0.000000] SLUB: HWalign=64, Order=0-3, MinObjects=0, CPUs=2, Ndes=1
[   0.000000] Kernel/User page tables isolation: enabled
[    0.000000] Hierarchical RCU implementation.
[    0.000000] 	Build-time adjustment of leaf fanot to64.[   0.0000] 	RU retritig CP from R_PUS=12 t nr_pu_ids2.
    .00000] RCU: Adustig geomtry or ru_faout_eaf=4, n_cpuids=
    .00000] R_IRS:3324 r_irqs440 16
[   0.0000] Consle: olou VGA 80x5
[   00000] cosoe [tty] enbled
[   0.00000] conole [tyS0]enbled
[    0.000000] tsc: Detected 2808.004 MHz processor
[   50.002937] Calibrating delay loop (skipped) preset value.. 5616.00 BogoMIPS (lpj=11232016)
[   50.262648] pid_max: default: 32768 minimum: 301
[   50.389924] ACPI: Core revision 20150930
[   50.399762] ACPI: 2 ACPI AML tables successfully acquired and loaded
[   50.401323] Security Framework initialized
[   50.509158] Yama: becoming mindful.
[   50.608809] AppArmor: AppArmor initialized
[   50.662202] Dentry cache hash table entries: 131072 (order: 8, 1048576 bytes)
[   50.890532] Inode-cache hash table entries: 65536 (order: 7, 524288 bytes)
[   51.099720] Mount-cache hash table entries: 2048 (order: 2, 16384 bytes)
[   51.301654] Mountpoint-cache hash table entries: 2048 (order: 2, 16384 bytes)
[   51.442529] Initializing cgroup subsys io
[   51.537188] Initializing cgroup subsys memory
[   51.664775] Initializing cgroup subsys devices
[   51.805537] Initializing cgroup subsys freezer
[   51.925112] Initializing cgroup subsys net_ccs
[   52.057269] Initializing cgroup subsys perf_event
[   52.195655] Initializing cgroup subsys net_prio
[   52.325184] Initializing cgroup subsys hugetlb
[   52.445357] Initializing cgroup subsys pids
[   52.556796] CPU: Physical Processor ID: 0
[   52.656862] CPU: Processor Core ID: 0
[   52.768730] FEATURE SPEC_CTRL Not Present
[   52.903393] mce: CPU supports 0 MCE banks
[   53.017984] Last level iTLB entries: 4KB 64, 2MB 8, 4MB 8
[   53.215309] Last level dTLB entries: 4KB 64, 2MB 0, 4MB 0, 1GB 4
[   53.418914] Freeing SMP alternatives memory: 32K
[   53.491971] ftrace: allocating 32180 entries in 126 pages
[   53.685189] smpboot: APIC(0) Converting physical 0 to logical package 0
[   53.871342] smpboot: Max logical packages: 1
[   53.991024] x2apic enabled
[   54.072918] Switched APIC routing to physical x2apic.
[   54.202054] ..TIMER: vector=0x30 apic1=0 pin1=2 apic2=-1 pin2=-1
[   54.461962] smpboot: CPU0: Intel(R) Core(TM) i7-7700HQ CPU @ 2.80GHz (family: 0x6, model: 0x9e, stepping: 0x9)
[   54.730288] Performance Events: unsupported p6 CPU model 158 no PMU driver, software events only.
[   54.999642] KVM setup paravirtual spinlock
[   55.121601] x86: Booting SMP configuration:
[   55.237609] .... node  #0, CPUs:      #1
[   55.349318] kvm-clock: cpu 1, msr 0:3ffe3041, secondary cpu clock
[   55.470255] mce: CPU supports 0 MCE banks
[   55.514975] x86: Booted up 1 node, 2 CPUs
[   55.642139] smpboot: Total of 2 processors activated (11232.01 BogoMIPS)
[   55.779143] devtmpfs: initialized
[   55.884698] evm: security.selinux
[   56.001205] evm: security.SMACK64
[   56.083633] evm: security.SMACK64EXEC
[   56.192966] evm: security.SMACK64TRANSMUTE
[   56.295037] evm: security.SMACK64MMAP
[   56.404959] evm: security.ima
[   56.493316] evm: security.capability
[   56.598410] clocksource: jiffies: mask: 0xffffffff max_cycles: 0xffffffff, max_idle_ns: 7645041785100000 ns
[   56.823213] futex hash table entries: 512 (order: 3, 32768 bytes)
[   56.988343] pinctrl core: initialized pinctrl subsystem
[   57.140282] RTC time: 17:01:36, date: 02/26/18
[   57.266377] NET: Registered protocol family 16
[   57.403914] cpuidle: using governor ladder
[   57.531479] cpuidle: using governor menu
[   57.653886] PCCT header not found.
[   57.761281] ACPI: bus type PCI registered
[   57.864844] acpiphp: ACPI Hot Plug PCI Controller Driver version: 0.5
[   57.981730] PCI: Using configuration type 1 for base access
[   57.996932] ACPI: Added _OSI(Module Device)
[   58.122861] ACPI: Added _OSI(Processor Device)
[   58.253578] ACPI: Added _OSI(3.0 _SCP Extensions)
[   58.309753] ACPI: Added _OSI(Processor Aggregator Device)
[   58.311880] ACPI: Executed 1 blocks of module-level executable AML code
[   58.456483] ACPI: Interpreter enabled
[   58.500771] ACPI: (supports S0 S5)
[   58.568253] ACPI: Using IOAPIC for interrupt routing
[   58.643095] PCI: Using host bridge windows from ACPI; if necessary, use "pci=nocrs" and report a bug
[   58.783159] ACPI: PCI Root Bridge [PCI0] (domain 0000 [bus 00-ff])
[   58.922454] acpi PNP0A03:00: _OSC: OS supports [ASPM ClockPM Segments MSI]
[   59.009117] acpi PNP0A03:00: _OSC: not requesting OS control; OS requires [ExtendedConfig ASPM ClockPM MSI]
[   59.224395] acpi PNP0A03:00: fail to add MMCONFIG information, can't access extended PCI configuration space under this bridge.
[   59.484896] PCI host bridge to bus 0000:00
[   59.594401] pci_bus 0000:00: root bus resource [io  0x0000-0x0cf7 window]
[   59.770665] pci_bus 0000:00: root bus resource [io  0x0d00-0xffff window]
[   59.981190] pci_bus 0000:00: root bus resource [mem 0x000a0000-0x000bffff window]
[   60.002035] pci_bus 0000:00: root bus resource [mem 0x40000000-0xfdffffff window]
[   60.083063] pci_bus 0000:00: root bus resource [bus 00-ff]
[   60.249382] pci 0000:00:01.1: legacy IDE quirk: reg 0x10: [io  0x01f0-0x01f7]
[   60.423184] pci 0000:00:01.1: legacy IDE quirk: reg 0x14: [io  0x03f6]
[   60.531503] pci 0000:00:01.1: legacy IDE quirk: reg 0x18: [io  0x0170-0x0177]
[   60.533485] pci 0000:00:01.1: legacy IDE quirk: reg 0x1c: [io  0x0376]
[   60.583611] pci 0000:00:07.0: quirk: [io  0x4000-0x403f] claimed by PIIX4 ACPI
[   60.800794] pci 0000:00:07.0: quirk: [io  0x4100-0x410f] claimed by PIIX4 SMB
[   61.013557] ACPI: PCI Interrupt Link [LNKA] (IRQs 5 9 10 *11)
[   61.089703] ACPI: PCI Interrupt Link [LNKB] (IRQs 5 9 *10 11)
[   61.094473] ACPI: PCI Interrupt Link [LNKC] (IRQs 5 *9 10 11)
[   61.099721] ACPI: PCI Interrupt Link [LNKD] (IRQs 5 9 10 *11)
[   61.214593] ACPI: Enabled 2 GPEs in block 00 to 07
[   61.365238] vgaarb: setting as boot device: PCI:0000:00:02.0
[   61.511473] vgaarb: device added: PCI:0000:00:02.0,decodes=io+mem,owns=io+mem,locks=none
[   61.741546] vgaarb: loaded
[   61.818886] vgaarb: bridge control possible 0000:00:02.0
[   61.964127] SCSI subsystem initialized
[   62.037612] ACPI: bus type USB registered
[   62.147400] usbcore: registered new interface driver usbfs
[   62.248933] usbcore: registered new interface driver hub
[   62.416176] usbcore: registered new device driver usb
[   62.550241] PCI: Using ACPI for IRQ routing
[   62.662732] NetLabel: Initializing
[   62.767814] NetLabel:  domain hash size = 128
[   62.894745] NetLabel:  protocols = UNLABELED CIPSOv4
[   63.022390] NetLabel:  unlabeled traffic allowed by default
[   63.197450] amd_nb: Cannot enumerate AMD northbridges
[   63.276964] clocksource: Switched to clocksource kvm-clock
[   634603 Apprm: pAorilysm naed[   64.273805] pnp: PnP ACPI init
[ 640495pn PP AC: un3 vis
[   65.116902] clocksource: acpi_pm: mask: 0xffffff max_cycles: 0xffffff, max_idle_ns: 2085701024 ns
[   65.327747] NET: Registered protocol family 2
[   65.350787] TCP established hash table entries: 8192 (order: 4, 65536 bytes)
[   65.360087] TCP bind hash table entries: 8192 (order: 5, 131072 bytes)
[   65.363058] TCP: Hash tables configured (established 8192 bind 8192)
[   65.368711] UDP hash table entries: 512 (order: 2, 16384 bytes)
[   65.378339] UDP-Lite hash table entries: 512 (order: 2, 16384 bytes)
[   65.460346] NET: Registered protocol family 1
[   65.601150] pci 0000:00:00.0: Limiting direct PCI/PCI transfers
[   65.614434] pci 0000:00:01.0: Activating ISA DMA hang workarounds
[   65.767856] Unpacking initramfs...
[   69.546454] Freeing initrd memory: 10792K
[   69.573550] platform rtc_cmos: registered platform RTC device (no PNP device found)
[   69.589040] Scanning for low memory corruption every 60 seconds
[   69.596632] audit: initializing netlink subsys (disabled)
[   69.601004] audit: type=2000 audit(1519664451.437:1): initialized
[   69.604683] Initialise system trusted keyring
[   69.700601] HugeTLB registered 2 MB page size, pre-allocated 0 pages
[   69.909767] zbud: loaded
[   69.974295] VFS: Disk quotas dquot_6.6.0
[   70.011755] VFS: Dquot-cache hash table entries: 512 (order 0, 4096 bytes)
[   70.217263] squashfs: version 4.0 (2009/01/31) Phillip Lougher
[   70.241541] fuse init (API version 7.23)
[   70.349412] Key type big_key registered
[   70.436462] Allocating IMA MOK and blacklist keyrings.
[   70.607426] tsc: Refined TSC clocksource calibration: 2806.478 MHz
[   70.655978] clocksource: tsc: mask: 0xffffffffffffffff max_cycles: 0x2874286c744, max_idle_ns: 440795279750 ns
[   70.656457] Key type asymmetric registered
[   70.656459] Asymmetric key parser 'x509' registered
[   70.656515] Block layer SCSI generic (bsg) driver version 0.4 loaded (major 249)
[   70.656545] io scheduler noop registered
[   70.656547] io scheduler deadline registered (default)
[   70.656575] io scheduler cfq registered
[   70.656657] pci_hotplug: PCI Hot Plug PCI Core version: 0.5
[   70.656662] pciehp: PCI Express Hot Plug Controller Driver version: 0.4
[   70.656789] ACPI: AC Adapter [AC] (off-line)
[   70.656835] input: Power Button as /devices/LNXSYSTM:00/LNXPWRBN:00/input/input0
[   70.656837] ACPI: Power Button [PWRF]
[   70.656900] input: Sleep Button as /devices/LNXSYSTM:00/LNXSLPBN:00/input/input1
[   70.656901] ACPI: Sleep Button [SLPF]
[   70.657035] GHES: HEST is not enabled!
[   70.657754] ACPI: Battery Slot [BAT0] (battery present)
[   70.733887] Serial: 8250/16550 driver, 32 ports, IRQ sharing enabled
[   70.902696] 00:02: ttyS0 at I/O 0x3f8 (irq = 4, base_baud = 115200) is a 16550A
[   71.051620] Linux agpgart interface v0.103
[   71.055073] loop: module loaded
[   71.055899] scsi host0: ata_piix
[   71.055959] scsi host1: ata_piix
[   71.055993] ata1: PATA max UDMA/33 cmd 0x1f0 ctl 0x3f6 bmdma 0xd000 irq 14
[   71.055994] ata2: PATA max UDMA/33 cmd 0x170 ctl 0x376 bmdma 0xd008 irq 15
[   71.056070] libphy: Fixed MDIO Bus: probed
[   71.056072] tun: Universal TUN/TAP device driver, 1.6
[   71.056073] tun: (C) 1999-2004 Max Krasnyansky <maxk@qualcomm.com>
[   71.056485] PPP generic driver version 2.4.2
[   71.056598] ehci_hcd: USB 2.0 'Enhanced' Host Controller (EHCI) Driver
[   71.056604] ehci-pci: EHCI PCI platform driver
[   71.056620] ehci-platform: EHCI generic platform driver
[   71.056633] ohci_hcd: USB 1.1 'Open' Host Controller (OHCI) Driver
[   71.056638] ohci-pci: OHCI PCI platform driver
[   71.056652] ohci-platform: OHCI generic platform driver
[   71.056663] uhci_hcd: USB Universal Host Controller Interface driver
[   71.056750] i8042: PNP: PS/2 Controller [PNP0303:PS2K,PNP0f03:PS2M] at 0x60,0x64 irq 1,12
[   71.057479] serio: i8042 KBD port at 0x60,0x64 irq 1
[   71.057483] serio: i8042 AUX port at 0x60,0x64 irq 12
[   71.057575] mousedev: PS/2 mouse device common for all mice
[   71.057887] input: AT Translated Set 2 keyboard as /devices/platform/i8042/serio0/input/input2
[   71.058229] rtc_cmos rtc_cmos: rtc core: registered rtc_cmos as rtc0
[   71.058296] rtc_cmos rtc_cmos: alarms up to one day, 114 bytes nvram
[   71.058301] i2c /dev entries driver
[   71.058344] device-mapper: uevent: version 1.0.3
[   71.058393] device-mapper: ioctl: 4.34.0-ioctl (2015-10-28) initialised: dm-devel@redhat.com
[   71.058408] ledtrig-cpu: registered to indicate activity on CPUs
[   71.058904] NET: Registered protocol family 10
[   71.059019] NET: Registered protocol family 17
[   71.059029] Key type dns_resolver registered
[   71.059162] microcode: CPU0 sig=0x906e9, pf=0x2, revision=0x0
[   71.089067] microcode: CPU1 sig=0x906e9, pf=0x2, revision=0x0
[   71.089143] microcode: Microcode Update Driver: v2.01 <tigran@aivazian.fsnet.co.uk>, Peter Oruba
[   71.089270] registered taskstats version 1
[   71.089281] Loading compiled-in X.509 certificates
[   71.089787] Loaded X.509 cert 'Build time autogenerated kernel key: 4c603087bab8f0a02cb3b4e1fb4c40f507e71ef1'
[   71.089804] zswap: loaded using pool lzo/zbud
[   71.091329] Key type trusted registered
[   71.094120] Key type encrypted registered
[   71.094125] AppArmor: AppArmor sha1 policy hashing enabled
[   71.094128] ima: No TPM chip found, activating TPM-bypass!
[   71.094144] evm: HMAC attrs: 0x1
[   71.094361]   Magic number: 6:693:37
[   71.094380] bdi 7:2: hash matches
[   71.115497] rtc_cmos rtc_cmos: setting system clock to 2018-02-26 17:01:50 UTC (1519664510)
[   71.115584] BIOS EDD facility v0.16 2004-Jun-25, 0 devices found
[   71.115584] EDD information not available.
[   74.797993] Freeing unused kernel memory: 1508K
[   74.799052] Write protecting the kernel read-only data: 14336k
[   76.325280] Freeing unused kernel memory: 1728K
[   76.474518] Freeing unused kernel memory: 108K
Loading, please wait...
starting version[   76.625392] random: systemd-udevd: uninitialized urandom read (16 bytes read, 9 bits of entropy available)
 229
[   76.625997] random: udevadm: uninitialized urandom read (16 bytes read, 9 bits of entropy available)
[   76.626026] random: udevadm: uninitialized urandom read (16 bytes read, 9 bits of entropy available)
[   76.639669] random: udevadm: uninitialized urandom read (16 bytes read, 9 bits of entropy available)
[   76.639727] random: udevadm: uninitialized urandom read (16 bytes read, 9 bits of entropy available)
[   76.639966] random: udevadm: uninitialized urandom read (16 bytes read, 9 bits of entropy available)
[   76.640049] random: udevadm: uninitialized urandom read (16 bytes read, 9 bits of entropy available)
[   76.640129] random: udevadm: uninitialized urandom read (16 bytes read, 9 bits of entropy available)
[   76.640214] random: udevadm: uninitialized urandom read (16 bytes read, 9 bits of entropy available)
[   76.640294] random: udevadm: uninitialized urandom read (16 bytes read, 9 bits of entropy available)
[   78.482123] e1000: Intel(R) PRO/1000 Network Driver - version 7.3.21-k8-NAPI
[   78.641192] e1000: Copyright (c) 1999-2006 Intel Corporation.
[   78.794593] Fusion MPT base driver 3.04.20
[   78.896567] Copyright (c) 1999-2008 LSI Corporation
[   78.975266] Fusion MPT SPI Host driver 3.04.20
[   79.109999] AVX2 version of gcm_enc/dec engaged.
[   79.178180] AES CTR mode by8 optimization enabled
[   79.269420] input: ImExPS/2 Generic Explorer Mouse as /devices/platform/i8042/serio1/input/input4
[   79.470045] e1000 0000:00:03.0 eth0: (PCI:33MHz:32-bit) 02:1f:2a:60:99:e3
[   79.683351] e1000 0000:00:03.0 eth0: Intel(R) PRO/1000 Network Connection
[   79.907983] mptbase: ioc0: Initiating bringup
[   79.909276] e1000 0000:00:03.0 enp0s3: renamed from eth0
[   80.253344] ioc0: LSI53C1030 A0: Capabilities={Initiator}
[   80.435665] scsi host2: ioc0: LSI53C1030 A0, FwRev=00000000h, Ports=1, MaxQ=256, IRQ=20
[   80.813988] scsi 2:0:0:0: Direct-Access     VBOX     HARDDISK         1.0  PQ: 0 ANSI: 5
[   81.067467] scsi target2:0:0: Beginning Domain Validation
[   81.220901] scsi target2:0:0: Domain Validation skipping write tests
[   81.896073] scsi target2:0:0: Ending Domain Validation
[   82.068117] floppy0: no floppy controllers found
[   82.175183] scsi target2:0:0: asynchronous
[   82.278807] scsi 2:0:1:0: Direct-Access     VBOX     HARDDISK         1.0  PQ: 0 ANSI: 5
[   82.424989] scsi target2:0:1: Beginning Domain Validation
[   82.498948] scsi target2:0:1: Domain Validation skipping write tests
[   82.623471] scsi target2:0:1: Ending Domain Validation
[   82.758899] scsi target2:0:1: asynchronous
[   82.895816] sd 2:0:0:0: Attached scsi generic sg0 type 0
[   83.045420] sd 2:0:0:0: [sda] 20971520 512-byte logical blocks: (10.7 GB/10.0 GiB)
[   83.268570] sd 2:0:1:0: Attached scsi generic sg1 type 0
[   83.405514] sd 2:0:1:0: [sdb] 20480 512-byte logical blocks: (10.5 MB/10.0 MiB)
[   83.463110] sd 2:0:0:0: [sda] Write Protect is off
[   83.532035] sd 2:0:1:0: [sdb] Write Protect is off
[   83.532179] sd 2:0:0:0: [sda] Incomplete mode parameter data
[   83.532182] sd 2:0:0:0: [sda] Assuming drive cache: write through
[   83.682385]  sda: sda1
[   83.683157] sd 2:0:0:0: [sda] Attached SCSI disk
[   84.052670] sd 2:0:1:0: [sdb] Incomplete mode parameter data
[   84.218816] sd 2:0:1:0: [sdb] Assuming drive cache: write through
[   84.246512] sd 2:0:1:0: [sdb] Attached SCSI disk
Begin: Loading e[   86.047373] md: linear personality registered for level -1
ssential drivers[   86.218987] md: multipath personality registered for level -4
 ... [   86.411089] md: raid0 personality registered for level 0
[   86.466425] md: raid1 personality registered for level 1
[   86.585031] raid6: sse2x1   gen()  6340 MB/s
[   86.661086] raid6: sse2x1   xor()  6885 MB/s
[   86.737129] raid6: sse2x2   gen() 11605 MB/s
[   86.833359] raid6: sse2x2   xor()  5675 MB/s
[   87.013415] raid6: sse2x4   gen()  8543 MB/s
[   87.209199] raid6: sse2x4   xor() 10262 MB/s
[   87.380997] raid6: avx2x1   gen() 21202 MB/s
[   87.573771] raid6: avx2x2   gen() 14363 MB/s
[   87.749392] raid6: avx2x4   gen() 15196 MB/s
[   87.882052] raid6: using algorithm avx2x1 gen() 21202 MB/s
[   88.069012] raid6: using avx2x2 recovery algorithm
[   88.210944] xor: automatically using best checksumming function:
[   88.445258]    avx       : 11249.000 MB/sec
[   88.575308] async_tx: api initialized (async)
[   88.609958] md: raid6 personality registered for level 6
[   88.795246] md: raid5 personality registered for level 5
[   88.910024] md: raid4 personality registered for level 4
[   89.108093] md: raid10 personality registered for level 10
done.
Begin: Running /scripts/init-premount ...[   89.348589] Btrfssloaded
 done.
Begin: Mounting root fil[   89.476953] EXT4-fs (sda1): mounted filesystem with ordered data mode. Opts: (null)
e system ... Begin: Running /scripts/local-top ... done.
Begin: Running /scripts/local-premount ... Scanning for Btrfs filesystems
done.
Warning: fsck not present, so skipping root file system
done.
Begin: Running /scripts/local-bottom ... done.
Begin: Running /scripts/init-bottom ... done.
[   90.235250] systemd[1]: systemd 229 running in system mode. (+PAM +AUDIT +SELINUX +IMA +APPARMOR +SMACK +SYSVINIT +UTMP +LIBCRYPTSETUP +GCRYPT +GNUTLS +ACL +XZ -LZ4 +SECCOMP +BLKID +ELFUTILS +KMOD -IDN)
[   90.890841] systemd[1]: Detected virtualization oracle.
[   91.054211] systemd[1]: Detected architecture x86-64.

Welcome to [1mUbuntu 16.04.3 LTS[0m!

[   91.319077] systemd[1]: Set hostname to <ubuntu>.
[   91.371204] systemd[1]: Initializing machine ID from random generator.
[   91.594409] systemd[1]: Installed transient /etc/machine-id file.
[   91.787 rdo: nbckng pooisnialed
[   92.846942] systemd[1]: Started Forward Password Requests to Wall Directory Watch.
[[0;32m  OK  [0m] Started Forward Password Requests to Wall Directory Watch.
[   93.158321] systemd[1]: Listening on Journal Audit Socket.
[[0;32m  OK  [0m] Listening on Journal Audit Socket.
[   93.426213] systemd[1]: Listening on Journal Socket (/dev/log).
[[0;32m  OK  [0m] Listening on Journal Socket (/dev/log).
[   93.580187] systemd[1]: Reached target Encrypted Volumes.
[[0;32m  OK  [0m] Reached target Encrypted Volumes.
[   93.582436] systemd[1]: Listening on LVM2 poll daemon socket.
[[0;32m  OK  [0m] Listening on LVM2 poll daemon socket.
[   93.584765] systemd[1]: Listening on LVM2 metadata daemon socket.
[[0;32m  OK  [0m] Listening on LVM2 metadata daemon socket.
[   93.588398] systemd[1]: Set up automount Arbitrary Executable File Formats File System Automount Point.
[[0;32m  OK  [0m] Set up automount Arbitrary Executab...ats File System Automount Point.
[   93.902593] systemd[1]: Listening on udev Control Socket.
[[0;32m  OK  [0m] Listening on udev Control Socket.
[   94.017798] systemd[1]: Listening on Syslog Socket.
[[0;32m  OK  [0m] Listening on Syslog Socket.
[   94.299294] systemd[1]: Listening on udev Kernel Socket.
[[0;32m  OK  [0m] Listening on udev Kernel Socket.
[   94.493678] systemd[1]: Listening on Journal Socket.
[[0;32m  OK  [0m] Listening on Journal Socket.
[   94.773496] systemd[1]: Reached target Swap.
[[0;32m  OK  [0m] Reached target Swap.
[   95.025610] systemd[1]: Listening on /dev/initctl Compatibility Named Pipe.
[[0;32m  OK  [0m] Listening on /dev/initctl Compatibility Named Pipe.
[   95.310164] systemd[1]: Started Trigger resolvconf update for networkd DNS.
[[0;32m  OK  [0m] Started Trigger resolvconf update for networkd DNS.
[   95.430999] systemd[1]: Created slice System Slice.
[[0;32m  OK  [0m]  reated slice System Slice.
[   95.700502] systemd[1]: Created slice system-serial\x2dgetty.slice.
[[0;32m  OK  [0m] Created slice system-serial\x2dgetty.slice.
[   96.069468] systemd[1]: Starting Set console keymap...
         Starting Set console keymap...
[   96.349804] systemd[1]: Mounting Huge Pages File System...
         Mounting Huge Pages File System...
[   96.446314] systemd[1]: Starting Journal Service...
         Starting Journal Service...
[   96.702231] systemd[1]: Starting Create list of required static device nodes for the current kernel...
         Starting Create list of required st... nodes for the current kernel...
[   97.117838] systemd[1]: Starting Uncomplicated firewall...
         Starting Uncomplicated firewall...
[   97.333411] systemd[1]: Mounting POSIX Message Queue File System...
         Mounting POSIX Message Queue File System...
[   97.601889] systemd[1]: Starting Nameserver information manager...
         Starting Nameserver information manager...
[   97.861325] systemd[1]: Starting Remount Root and Kernel File Systems...
[   97.870320] EXT4-fs (sda1): re-mounted. Opts: (null)
         Starting Remount Root and Kernel File Systems...
[   98.365418] systemd[1]: Starting Load Kernel Modules...
[   98.507280] Ladg SCSIrapo css2.87
         Startin[   99.247160] iscsi: registered transport (tcp)
g Load Kernel Modules...
[   99.409985] iscsi: registered transport (iser)
[  100.812318] systemd[1]: Reached target User and Group Name Lookups.
[[0;32m  OK  [0m] Reached target User and Group Name Lookups.
[  101.097457] systemd[1]: Created slice User and Session Slice.
[[0;32m  OK  [0m] Created slice User and Session Slice.
[  101.450220] systemd[1]: Reached target Slices.
[[0;32m  OK  [0m] Reached target Slices.
[  101.705505] systemd[1]: Listening on Device-mapper event daemon FIFOs.
[[0;32m  OK  [0m] Listening on Device-mapper event daemon FIFOs.
[  101.949718] systemd[1]: Starting Monitoring of LVM2 mirrors, snapshots etc. using dmeventd or progress polling...
         Starting Monitoring of LVM2 mirrors... dmeventd or progress polling...
[  102.317947] systemd[1]: Mounting Debug File System...
         Mounting Debug File System...
[  102.603641] systemd[1]: Mounted Huge Pages File System.
[[0;32m  OK  [0m] Mounted Huge Pages File System.
[  102.865931] systemd[1]: Mounted Debug File System.
[[0;32m  OK  [0m] Mounted Debug File System.
[  103.074247] systemd[1]: Mounted POSIX Message Queue File System.
[[0;32m  OK  [0m] Mounted POSIX Message Queue File System.
[  103.437826] systemd[1]: Started Journal Service.
[[0;32m  OK  [0m] Started Journal Service.
[[0;32m  OK  [0m] Started Set console keymap.
[[0;32m  OK  [0m] Started Create list of required sta...ce nodes for the current kernel.
[[0;32m  OK  [0m] Started Uncomplicated firewall.
[[0;32m  OK  [0m] Started Remount Root and Kernel File Systems.
[[0;32m  OK  [0m] Started Load Kernel Modules.
[[0;32m  OK  [0m] Started Nameserver information manager.
[[0;32m  OK  [0m] Started LVM2 metadata daemon.
         Mounting FUSE Control File System...
         Starting Apply Kernel Variables...
         Starting Initial cloud-init job (pre-networking)...
         Starting udev Coldplug all Devices...
         Starting Load/Save Random Seed...
         Starting Create Static Device Nodes in /dev...
         Starting Flush Journal to Persistent Storage...
[[0;32m  OK  [0m] Mounted FUSE Control File System.
[[0;32m  OK  [0m] Started Monitoring of LVM2 mirrors,...ng dmeventd or progress polling.
[[0;32m  OK  [0m] Started Apply Kernel Variables.
[[0;32m  OK  [0m] Started Load/Save Random Seed.
[[0;32m  OK  [0m] Started Create Static Device Nodes in /dev.
[[0;32m  OK  [0m] Started udev Coldplug all Devices.
[[0;32m  OK  [0m] Started Flush Journal to Persistent Storage.
         Starting udev Kernel Device Manager...
[[0;32m  OK  [0m] Started udev Kernel Device Manager.
[[0;32m  OK  [0m] Started Dispatch Password Requests to Console Directory Watch.
[[0;32m  OK  [0m] Reached target Local File Systems (Pre).
[[0;32m  OK  [0m] Reached target Local File Systems.
         Starting LSB: AppArmor initialization...
         Starting Tell Plymouth To Write Out Runtime Data...
         Starting Set console font and keymap...
         Starting Create Volatile Files and Directories...
[   43.472775] cloud-init[450]: Cloud-init v. 17.1 running 'init-local' at Mon, 26 Feb 2018 17:02:24 +0000. Up 42.99 seconds.
         Starting Commit a transient machine-id on disk...
[[0;32m  OK  [0m] Started Tell Plymouth To Write Out Runtime Data.
[[0;1;31mFAILED[0m] Failed to start Set console font and keymap.
See 'systemctl status console-setup.service' for details.
[[0;32m  OK  [0m] Started Create Volatile Files and Directories.
[[0;32m  OK  [0m] Started Commit a transient machine-id on disk.
[[0;32m  OK  [0m] Started Initial cloud-init job (pre-networking).
[[0;32m  OK  [0m] Found device /dev/ttyS0.
[[0;32m  OK  [0m] Listening on Load/Save RF Kill Switch Status /dev/rfkill Watch.
[[0;32m  OK  [0m] Reached target Network (Pre).
[[0;32m  OK  [0m] Reached target System Time Synchronized.
         Starting Update UTMP about System Boot/Shutdown...
[[0;32m  OK  [0m] Created slice system-getty.slice.
[[0;32m  OK  [0m] Started Update UTMP about System Boot/Shutdown.
[[0;32m  OK  [0m] Started LSB: AppArmor initialization.
         Starting Raise network interfaces...
[[0;32m  OK  [0m] Started Raise network interfaces.
[[0;32m  OK  [0m] Reached target Network.
         Starting Initial cloud-init job (metadata service crawler)...
[   49.135396] cloud-init[922]: Cloud-init v. 17.1 running 'init' at Mon, 26 Feb 2018 17:02:30 +0000. Up 48.15 seconds.
[[0;32m  OK  [0m] Started Initial cloud-init job (metadata service crawler).
[   49.260471] cloud-init[922]: ci-info: +++++++++++++++++++++++++++++++++++++Net device info++++++++++++++++++++++++++++++++++++++
[   49.436607] cloud-init[922]: ci-info: +--------+------+----------------------------+---------------+-------+-------------------+
[   49.597486] cloud-init[922]: ci-info: | Device |  Up  |          Address           |      Mask     | Scope |     Hw-Address    |
[   49.812590] cloud-init[922]: ci-info: +--------+------+----------------------------+---------------+-------+-------------------+
[   50.181050] cloud-init[922]: ci-info: | enp0s3 | True |         10.0.2.15          | 255.255.255.0 |   .   | 02:1f:2a:60:99:e3 |
[[0;32m  OK  [0m] Reached target Network is Online.
[   50.387336] cloud-init[922]: ci-info: | enp0s3 | True | fe80::1f:2aff:fe60:99e3/64 |       .       |  link | 02:1f:2a:60:99:e3 |
[   50.608652] cloud-init[922]: ci-info: |   lo   | True |         127.0.0.1          |   255.0.0.0   |   .   |         .         |
         Starting iSCSI initiator daemon (iscsid)...
[[0;32m  OK  [0m] Reached target Cloud-config availability.
[   50.805912] cloud-init[922]: ci-info: |   lo   | True |          ::1/128           |       .       |  host |         .         |
[   51.132651] cloud-init[922]: ci-info: +--------+------+----------------------------+---------------+-------+-------------------+
[[0;32m  OK  [0m] Reached target System Initialization.
[   51.247334] cloud-init[922]: ci-info: +++++++++++++++++++++++++++Route IPv4 info++++++++++++++++++++++++++++
[   51.492061]          cloud-initStarting LXD - unix socket.[922]: 
ci-info: +-------+-------------+----------+---------------+-----------+-------+
[   51.713003]          cloud-initStarting Socket activation for snappy daemon.[922]: 
ci-info: | Route | Destination | Gateway  |    Genmask    | Interface | Flags |
[   51.868886] [cloud-init[0;32m  OK  [0m[922]: ] ci-info: +-------+-------------+----------+---------------+-----------+-------+Listening on D-Bus System Message Bus Socket.

[   51.869936] [cloud-init[0;32m  OK  [0m[922]: ] ci-info: |   0   |   0.0.0.0   | 10.0.2.2 |    0.0.0.0    |   enp0s3  |   UG  |Started Timer to automatically refresh installed snaps.

[   52.337139] [cloud-init[0;32m  OK  [0m[922]: ] ci-info: |   1   |   10.0.2.0  | 0.0.0.0  | 255.255.255.0 |   enp0s3  |   U   |Started Daily Cleanup of Temporary Directories.

[   52.338394] [cloud-init[0;32m  OK  [0m[922]: ] ci-info: +-------+-------------+----------+---------------+-----------+-------+Listening on UUID daemon activation socket.

[   52.474263] [cloud-init[0;32m  OK  [0m[922]: ] Generating public/private rsa key pair.Started Daily apt download activities.

[   52.666202] [cloud-init[0;32m  OK  [0m[922]: ] Your identification has been saved in /etc/ssh/ssh_host_rsa_key.Started Daily apt upgrade and clean activities.

[   52.922456] [[0;32m  OK  [0m] Reached target Timers.
[[0;32m  OK  [0m] Listening on ACPID Listen Socket.
cloud-init[922]: Your public key has been saved in /etc/ssh/ssh_host_rsa_key.pub.
[   53.104891] [cloud-init[0;32m  OK  [0m[922]: ] The key fingerprint is:Started ACPI Events Check.

[   53.105978] [cloud-init[0;32m  OK  [0m[922]: ] SHA256:vbdpzoynL39k9CKoV9kqp9VLBT5CC6YC1T0WOtraExc root@ubuntu-xenialReached target Paths.

[   53.209934] cloud-init[922]: The key's randomart image is:
[   53.417963] [cloud-init[0;32m  OK  [0m[922]: ] +---[RSA 2048]----+Listening on LXD - unix socket.

[   53.418982] [cloud-init[0;32m  OK  [0m[922]: ] |      .. ...     |Listening on Socket activation for snappy daemon.

[   53.529951] [cloud-init[0;32m  OK  [0m[922]: ] |     .  ..+      |Started iSCSI initiator daemon (iscsid).

[   53.645663] cloud-init[922]: |    .   o.E.. .  |
[   53.777186] cloud-init[922]: |     . o = + o.. |
[   53.858946]          cloud-initStarting Login to default iSCSI targets...[922]: 
|      o S o.o+o..|
[   53.965209] [cloud-init[0;32m  OK  [0m[922]: ] |       + o..+o=o.|Reached target Sockets.

[   53.966376] [cloud-init[0;32m  OK  [0m[922]: ] |      . o...o=o. |Reached target Basic System.

[   54.074030] cloud-init[922]: |        ..+*=+.. |
[   54.232843]          cloud-initStarting Pollinate to seed the pseudo random number generator...[922]: 
|         .+%O..  |
         Starting /etc/rc.local Compatibility...
[   54.334992] cloud-init[922]: +----[SHA256]-----+
[   54.456358]          cloud-initStarting Apply the settings specified in cloud-config...[922]: 
Generating public/private dsa key pair.
[   54.589022] [cloud-init[0;32m  OK  [0m[922]: ] Your identification has been saved in /etc/ssh/ssh_host_dsa_key.Started FUSE filesystem for LXC.

[   54.589796] cloud-init[922]: Your public key has been saved in /etc/ssh/ssh_host_dsa_key.pub.
[   54.853049]          cloud-initStarting LSB: Record successful boot for GRUB...[922]: 
The key fingerprint is:
[[0;32m  OK  [0m] Started D-Bus System Message Bus.
[   54.956845] cloud-init[922]: SHA256:M6N6b6ijKhKCR/I4N6dzbshnuIkQnJNOdNBH65bRSCE root@ubuntu-xenial
[   55.036631] [cloud-init[0;32m  OK  [0m[922]: ] The key's randomart image is:Started Regular background program processing daemon.

[[0;32m  OK  [0m] Started Unattended Upgrades Shutdown.
[   55.037317] cloud-init[922]: +---[DSA 1024]----+
[   55.264471]          cloud-initStarting LSB: MD monitoring daemon...[922]: 
| ..E.+.          |
[   55.368514] [cloud-init[0;32m  OK  [0m[922]: ] |  ..o.+          |Started Deferred execution scheduler.

[   55.368985] cloud-init[922]: | . ..+ .         |
[   55.577023] [cloud-init[0;32m  OK  [0m[922]: ] |+ = . o          |Started ACPI event daemon.

[   55.577678] cloud-init[922]: |o@   +  S        |
[   55.768543]          cloud-initStarting Accounts Service...[922]: 
|O.* o  . +       |
[   55.828308]          cloud-initStarting System Logging Service...[922]: 
|oB *  ..         |
[   55.964627]          cloud-initStarting Login Service...[922]: 
|+.*.*.o .        |
[   56.024554]          cloud-initStarting Snappy daemon...[922]: 
|=.+X++ o.        |
[   56.085959]          cloud-initStarting LXD - container startup/shutdown...[922]: 
+----[SHA256]-----+
[   56.164463] [cloud-init[0;32m  OK  [0m[922]: ] Generating public/private ecdsa key pair.Started System Logging Service.

[   56.164970] [cloud-init[0;32m  OK  [0m[922]: ] Your identification has been saved in /etc/ssh/ssh_host_ecdsa_key.Started Snappy daemon.

[   56.262865] cloud-init[922]: Your public key has been saved in /etc/ssh/ssh_host_ecdsa_key.pub.
[[0;32m  OK  [0m] Started Pollinate to seed the pseudo random number generator.
[[0;32m  OK  [0m] Started /etc/rc.local Compatibility.
[[0;32m  OK  [0m] Started LXD - container startup/shutdown.
[[0;32m  OK  [0m] Started Apply the settings specified in cloud-config.
[   56.507405] cloud-init[922]: The key fingerprint is:
[   56.872724] cloud-init[922]: SHA256:8XAtHpKYMmw/w/ej7EVEcXSFT8SH7zB0YBngxBlj298 root@ubuntu-xenial
[   56.988588] cloud-init[922]: The key's randomart image is:
[   56.989448] cloud-init[922]: +---[ECDSA 256]---+
[[0;32m  OK  [0m] Started Login to default iSCSI targets.
[   56.989702] cloud-init[922]: |          o+O+=Xo|
[   57.293057] cloud-init[922]: |   .   o o *o*= =|
[[   57.352727] cloud-init[922]: |    = o = = +..=.|
[   57.353554] cloud-init[922]: |   . =   O o  o.+|
[0;32m  OK  [0m] Started LSB: Record successful boot for GRUB.
[   57.353702] cloud-init[922]: |      = S +    +E|
[[   57.625064] cloud-init[922]: |       + o      .|
[   57.626104] cloud-init[922]: |          +      |
[0;32m  OK  [0m] Started LSB: MD monitoring daemon.
[   57.626383] cloud-init[922]: |       . o .     |
[   57.873142] cloud-init[922]: |       .+        |
         Starting Authenticate and Authorize Users to Run Privileged Tasks...
[[0;32m  OK  [0m] Reached target Remote File Systems (Pre).
[   57.951664] cloud-init[922]: +----[SHA256]-----+
[   58.134144] cloud-init[922]: Generating public/private ed25519 key pair.
[[0;32m  OK  [0m] Reached target Remote File Systems.
[   58.134610] cloud-init[922]: Your identification has been saved in /etc/ssh/ssh_host_ed25519_key.
[   58.524790] cloud-init[922]: Your public key has been saved in /etc/ssh/ssh_host_ed25519_key.pub.
[   58.525093] cloud-init[922]: The key fingerprint is:
         Starting LSB: Set the CPU Frequency Scaling governor to "ondemand"...
[   58.525236] cloud-init[922]: SHA256:69oiugyO/DExXt5J/1tawMsIojXywKWgi737TVSKn7Q root@ubuntu-xenial
[   58.785545] cloud-init[922]: The key's randomart image is:
[   58.786356] cloud-init[922]: +--[ED25519 256]--+
         Starting LSB: daemon to balance interrupts for SMP systems...
[   58.786825] cloud-init[922]: |                 |
[   59.032851] cloud-init[922]: |                 |
[   59.033886] cloud-init[922]: | .   .  .        |
         Starting LSB: automatic crash report generation...
[   59.034335] cloud-init[922]: |. o o. o  .      |
[   59.296905] cloud-init[922]: |.  B.=+oS  o     |
[   59.297599] cloud-init[922]: |.o. @+=o+.o o    |
         Starting LSB: VirtualBox Linux Additions...
[   59.298022] cloud-init[922]: |+ .= oEo.o o o   |
[   59.584462] cloud-init[922]: |+o .+o.o  . +    |
[   59.585111] cloud-init[922]: |.oB*..ooo  +.    |
         Starting Permit User Sessions...
[   59.585776] cloud-init[922]: +----[SHA256]-----+
         Starting OpenBSD Secure Shell server...
[   59.843324] cloud-init[1066]: Generating locales (this might take a while)...
[   60.012913] cloud-init[1066]:   en_US.UTF-8... done
[   60.013626] cloud-init[1066]: Generation complete.
[[0;32m  OK  [0m] Started OpenBSD Secure Shell server.
[   60.014098] cloud-init[1066]: Cloud-init v. 17.1 running 'modules:config' at Mon, 26 Feb 2018 17:02:36 +0000. Up 54.82 seconds.
[0;32m  OK  [0m] Started Permit User Sessions.
[[0;32m  OK  [0m] Started Login Service.
[[0;32m  OK  [0m] Started Authenticate and Authorize Users to Run Privileged Tasks.
[[0;32m  OK  [0m] Started Accounts Service.
[[0;32m  OK  [0m] Started LSB: Set the CPU Frequency Scaling governor to "ondemand".
[[0;32m  OK  [0m] Started LSB: daemon to balance interrupts forrSMP systems.
         Starting Terminate Plymouth Boot Screen...
         Starting Hold until boot process finishes up...
[[0;32m  OK  [0m] Started LSB: automatic crash report generation.
[[0;32m  OK  [0m] Started LSB: VirtualBox Linux Additions.
[[0;32m  OK  [0m] Started Terminate Plymouth Boot Screen.
[[0;32m  OK  [0m] Started Hold until boot process finishes up.
[[0;32m  OK  [0m] Started Getty on tty1.
         Starting Set console scheme...
[[0;32m  OK  [0m] Started Serial Getty on ttyS0.
[[0;32m  OK  [0m] Reached target Login Prompts.
[[0;32m  OK  [0m] Reached target Multi-User System.
         Starting Execute cloud user/final scripts...
[[0;32m  OK  [0m] Reached target Graphical Interface.
         Starting Update UTMP about System Runlevel Changes...
[[0;32m  OK  [0m] Started Set console scheme.
[[0;32m  OK  [0m] Started Update UTMP about System Runlevel Changes.
ci-info: no authorized ssh keys fingerprints found for user ubuntu.
<14>Feb 26 17:02:44 ec2: 
<14>Feb 26 17:02:44 ec2: #############################################################
<14>Feb 26 17:02:44 ec2: -----BEGIN SSH HOST KEY FINGERPRINTS-----
<14>Feb 26 17:02:44 ec2: 1024 SHA256:M6N6b6ijKhKCR/I4N6dzbshnuIkQnJNOdNBH65bRSCE root@ubuntu-xenial (DSA)
<14>Feb 26 17:02:44 ec2: 256 SHA256:8XAtHpKYMmw/w/ej7EVEcXSFT8SH7zB0YBngxBlj298 root@ubuntu-xenial (ECDSA)
<14>Feb 26 17:02:44 ec2: 256 SHA256:69oiugyO/DExXt5J/1tawMsIojXywKWgi737TVSKn7Q root@ubuntu-xenial (ED25519)
<14>Feb 26 17:02:44 ec2: 2048 SHA256:vbdpzoynL39k9CKoV9kqp9VLBT5CC6YC1T0WOtraExc root@ubuntu-xenial (RSA)
<14>Feb 26 17:02:44 ec2: -----END SSH HOST KEY FINGERPRINTS-----
<14>Feb 26 17:02:44 ec2: #############################################################
-----BEGIN SSH HOST KEY KEYS-----
ecdsa-sha2-nistp256 AAAAE2VjZHNhLXNoYTItbmlzdHAyNTYAAAAIbmlzdHAyNTYAAABBBIBlP/fKxu6tb1uXYKWD7AoturAPkEpa9EHjDelmFcTBlXVK1F+EQDv6exz3HCglnVkJvtb0QNO14oapsdywzNE= root@ubuntu-xenial
ssh-ed25519 AAAAC3NzaC1lZDI1NTE5AAAAIGQthiitQ8a0Iu/vpe9vfG3WGruZtdNd3XwEbvnjMi9h root@ubuntu-xenial
ssh-rsa AAAAB3NzaC1yc2EAAAADAQABAAABAQC0qa7CHdsB0VhBAntHk3sOGvlazlx+jc+Uqir6wzTWaaipNJ7lDPWtn9czg8ARLS0ThcvLxEX4A28YQwz+1wvWauSmrE6n9FpiL/rLO1kX7r46EC9UlL+DK6lYKBxY4ebdqF9MdRA+iSRbXDU4KW+L/H8dH0eFMZTCza0duT4qtVtHedA/E+4CJztTqrleKdDVzP8faaytCg/nk7mjhnIhG3dkxfxdZeUQyLhSVqJE4mwyfcER9mzBh+ymKlZRLfX+kmbLP9IxWO7w3oZxBw2qEtofUH2//HR2MRq7i5GXTwkna1RQ1OpQurdc4y9HxsXp4sI+kB1M11l7CiJkcJ5P root@ubuntu-xenial
-----END SSH HOST KEY KEYS-----
[[0;32m  OK  [0m] Created slice User Slice of vagrant.
[   65.094602] cloud-init[1278]: Cloud-init v. 17.1 running 'modules:final' at Mon, 26 Feb 2018 17:02:44 +0000. Up 62.45 seconds.
[   65.337273] cloud-init[1278]: ci-info: no authorized ssh keys fingerprints found for user ubuntu.
[   65.504696] cloud-init[1278]: Cloud-init v. 17.1 finished at Mon, 26 Feb 2018 17:02:46 +0000. Datasource DataSourceNoCloud [seed=/dev/sdb][dsmode=net].  Up 65.07 seconds
         Starting User Manager for UID 1000...
[[0;32m  OK  [0m] Started User Manager for UID 1000.
[[0;32m  OK  [0m] Started Execute cloud user/final scripts.
[[0;32m  OK  [0m] Started Session 1 of user vagrant.
[[0;32m  OK  [0m] Reached target Cloud-init target.

Ubuntu 16.04.3 LTS ubuntu-xenial ttyS0

ubuntu-xenial login:          Stopping ACPI event daemon...
[[0;32m  OK  [0m] Stopped target Timers.
[[0;32m  OK  [0m] Stopped Daily Cleanup of Temporary Directories.
[[0;32         Stopping LSB: daemon to balance interrupts for SMP systems...
         Stopping LSB: VirtualBox Linux Additions...
         Stopping LXD - container startup/shutdown...
         Stopping LSB: Set the CPU Frequency Scaling governor to "ondemand"...
         Stopping D-Bus System Message Bus...
         Stopping LSB: automatic crash report generation...
         Stopping FUSE filesystem for LXC...
         Stopping Deferred execution scheduler...
         Stopping LSB: MD monitoring daemon...
[[0;32m  OK  [0m] Stopped Apply the settings specified in cloud-config.
[[0;32m  OK  [0m] Stopped target Cloud-config availability.
         Stopping Authenticate and Authorize Users to Run Privileged Tasks...
         Stopping Getty on tty1...
         Stopping Unattended Upgrades Shutdown...
         Stopping Regular background program processing daemon...
         Stopping Snappy daemon...
[[0;32m  OK  [0m] Unmounted /var/lib/lxcfs.
[[0;32m  OK  [0m] Stopped Regular background program processing daemon.
[[0;32m  OK  [0m] Stopped Deferred execution scheduler.
[[0;32m  OK  [0m] Stopped ACPI event daemon.
[[0;32m  OK  [0m] Stopped Accounts Service.
[[0;32m  OK  [0m] Stopped System Logging Service.
[[0;32m  OK  [0m] Stopped Snappy daemon.
[[0;32m  OK  [0m] Stopped Authenticate and Authorize Users to Run Privileged Tasks.
[[0;32m  OK  [0m] Stopped OpenBSD Secure Shell server.
[[0;32m  OK  [0m] Stopped Getty on tty1.
[[0;32m  OK  [0m] Stopped Serial Getty on ttyS0.
[[0;32m  OK  [0m] Stopped User Manager for UID 1000.
[[0;32m  OK  [0m] Stopped Session 5 of user vagrant.
[[0;32m  OK  [0m] Stopped D-Bus System Message Bus.
[[0;32m  OK  [0m] Stopped Unattended Upgrades Shutdown.
[[0;32m  OK  [0m] Stopped FUSE filesystem for LXC.
[[0;32m  OK  [0m] Stopped LSB: Record successful boot for GRUB.
[[0;32m  OK  [0m] Stopped LSB: daemon to balance interrupts for SMP systems.
[[0;32m  OK  [0m] Stopped LXD - container startup/shutdown.
[[0;32m  OK  [0m] Stopped LSB: Set the CPU Frequency Scaling governor to "ondemand".
[[0;32m  OK  [0m] Stopped LSB: VirtualBox Linux Additions.
[[0;32m  OK  [0m] Stopped LSB: automatic crash report generation.
[[0;32m  OK  [0m] Stopped LSB: MD monitoring daemon.
[[0;32m  OK  [0m] Removed slice User Slice of vagrant.
         Stopping Login Service...
[[0;32m  OK  [0m] Removed slice system-serial\x2dgetty.slice.
         Stopping Permit User Sessions...
[[0;32m  OK  [0m] Removed slice system-getty.slice.
[[0;32m  OK  [0m] Stopped /etc/rc.local Compatibility.
[[0;32m  OK  [0m] Stopped Login Service.
[[0;32m  OK  [0m] Stopped Permit User Sessions.
[[0;32m  OK  [0m] Stopped target Remote File Systems.
[[0;32m  OK  [0m] Stopped target Remote File Systems (Pre).
         Stopping Login to default iSCSI targets...
[[0;32m  OK  [0m] Stopped target Basic System.
[[0;32m  OK  [0m] Stopped target Slices.
[[0;32m  OK  [0m] Stopped target Sockets.
[[0;32m  OK  [0m] Closed LXD - unix socket.
[[0;32m  OK  [0m] Closed Socket activation for snappy daemon.
[[0;32m  OK  [0m] Closed ACPID Listen Socket.
[[0;32m  OK  [0m] Closed UUID daemon activation socket.
[[0;32m  OK  [0m] Closed Syslog Socket.
[[0;32m  OK  [0m] Stopped target Paths.
[[0;32m  OK  [0m] Stopped Dispatch Password Requests to Console Directory Watch.
[[0;32m  OK  [0m] Stopped Forward Password Requests to Wall Directory Watch.
[[0;32m  OK  [0m] Stopped ACPI Events Check.
[[0;32m  OK  [0m] Removed slice User and Session Slice.
[[0;32m  OK  [0m] Closed D-Bus System Message Bus Socket.
[[0;32m  OK  [0m] Stopped target System Initialization.
         Stopping Load/Save Random Seed...
[[0;32m  OK  [0m] Stopped Commit a transient machineeid on disk.
[[0;32m  OK  [0m] Stopped target Encrypted Volumes.
[[0;32m  OK  [0m] Stopped target Swap.
         Stopping Update UTMP about System Boot/Shutdown...
[[0;32m  OK  [0m] Stopped target User and Group Name Lookups.
[[0;32m  OK  [0m] Stopped Load/Save Random Seed.
[[0;32m  OK  [0m] Stopped Login to default iSCSI targets.
[[0;32m  OK  [0m] Stopped Update UTMP about System Boot/Shutdown.
[[0;32m  OK  [0m] Stopped Create Volatile Files and Directories.
         Stopping iSCSI initiator daemon (iscsid)...
[[0;32m  OK  [0m] Stopped iSCSI initiator daemon (iscsid).
[[0;32m  OK  [0m] Stopped target Network is Online.
[[0;32m  OK  [0m] Stopped Initial cloud-init job (metadata service crawler).
[[0;32m  OK  [0m] Stopped target Network.
         Stopping Raise network interfaces...
[[0;32m  OK  [0m] Stopped Raise network interfaces.
[[0;32m  OK  [0m] Stopped target Local File Systems.
         Unmounting /vagrant...
         Unmounting /run/user/1000...
[[0;32m  OK  [0m] Stopped Apply Kernel Variables.
[[0;32m  OK  [0m] Stopped Load Kernel Modules.
[[0;32m  OK  [0m] Stopped target Network (Pre).
[[0;32m  OK  [0m] Stopped Initial cloud-init job (pre-networking).
[[0;32m  OK  [0m] Unmounted /vagrant.
[[0;32m  OK  [0m] Unmounted /run/user/1000.
[[0;32m  OK  [0m] Reached target Unmount All Filesystems.
[[0;32m  OK  [0m] Stopped target Local File Systems (Pre).
         Stopping Monitoring of LVM2 mirrors... dmeventd or progress polling...
[[0;32m  OK  [0m] Stopped Remount Root and Kernel File Systems.
[[0;32m  OK  [0m] Stopped Create Static Device Nodes in /dev.
[[0;32m  OK  [0m] Reached target Shutdown.
[ 2421.606098] reboot: Power down